#
# A fatal error has been detected by the Java Runtime Environment:
#
#  SIGSEGV (0xb) at pc=0x00007f963e3f0b3b, pid=29623, tid=0x00007f960df01700
#
# JRE version: OpenJDK Runtime Environment (8.0_252-b09) (build 1.8.0_252-8u252-b09-1ubuntu1-b09)
# Java VM: OpenJDK 64-Bit Server VM (25.252-b09 mixed mode linux-amd64 compressed oops)
# Problematic frame:
# V  [libjvm.so+0x8c4b3b]
#
# Failed to write core dump. Core dumps have been disabled. To enable core dumping, try "ulimit -c unlimited" before starting Java again
#
# If you would like to submit a bug report, please visit:
#   http://bugreport.java.com/bugreport/crash.jsp
#

---------------  T H R E A D  ---------------

Current thread (0x00007f963820c000):  JavaThread "C2 CompilerThread2" daemon [_thread_in_native, id=29696, stack(0x00007f960de02000,0x00007f960df02000)]

siginfo: si_signo: 11 (SIGSEGV), si_code: 128 (SI_KERNEL), si_addr: 0x0000000000000000

Registers:
RAX=0x0000000000000015, RBX=0x00007f963ad8f210, RCX=0x00007f960defdf10, RDX=0x00007f95ec092490
RSP=0x00007f960defde50, RBP=0x00007f960defdea0, RSI=0x00007f963ad8f248, RDI=0x00007f95ec1326b8
R8 =0x00007f963ad8f278, R9 =0x00007f96387e83b0, R10=0x00007f96387e83f8, R11=0x0000000000000007
R12=0x00307f963ad8ea08, R13=0x00000000000003d4, R14=0x0000000000000000, R15=0x00007f95e84b42b0
RIP=0x00007f963e3f0b3b, EFLAGS=0x0000000000010202, CSGSFS=0x002b000000000033, ERR=0x0000000000000000
  TRAPNO=0x000000000000000d

Top of Stack: (sp=0x00007f960defde50)
0x00007f960defde50:   00007f95ec092490 00007f95f4586898
0x00007f960defde60:   00007f960defdf10 00007f95ec092490
0x00007f960defde70:   00007f960defdea0 00007f95f477ebe0
0x00007f960defde80:   0000000000000001 00007f95e84b42b0
0x00007f960defde90:   0000000000000010 00007f960defdf50
0x00007f960defdea0:   00007f960defdfb0 00007f963e38c5db
0x00007f960defdeb0:   0000000000000040 0000000000040298
0x00007f960defdec0:   0000000000000001 00007f963ad876c8
0x00007f960defded0:   00007f963ad82160 00007f960defdf30
0x00007f960defdee0:   00007f963820c760 00007f963ad7f6e0
0x00007f960defdef0:   00007f95f477ebe0 00007f960defdf50
0x00007f960defdf00:   00007f95ec092490 00007f9600000000
0x00007f960defdf10:   00007f963820c760 00007f9600000008
0x00007f960defdf20:   00007f963ad822b0 0000000000000007
0x00007f960defdf30:   00007f963820c760 00007f9500000004
0x00007f960defdf40:   00007f963ad82180 00007f9500000003
0x00007f960defdf50:   00007f963e810c70 00007f963820c760
0x00007f960defdf60:   00007f9500000040 00007f963ad821b0
0x00007f960defdf70:   0000000000000000 835791920b772d00
0x00007f960defdf80:   00007f960defdf90 00007f95e84b43d8
0x00007f960defdf90:   0000000000000001 00007f95e84b43d8
0x00007f960defdfa0:   00007f960defe0b4 00007f95f477ebe0
0x00007f960defdfb0:   00007f960defdff0 00007f963e396f98
0x00007f960defdfc0:   00007f960defdff0 00007f95f47802d8
0x00007f960defdfd0:   0000000000000001 00007f95e84b43d8
0x00007f960defdfe0:   00007f960defe0b4 00007f95f477ebe0
0x00007f960defdff0:   00007f960defe030 00007f963e397006
0x00007f960defe000:   0000000000000000 00007f95f4780320
0x00007f960defe010:   00007f95f477ec70 00007f960deff4a0
0x00007f960defe020:   0000000000000000 00007f95f477ecf0
0x00007f960defe030:   00007f960defe140 00007f963e39a5f2
0x00007f960defe040:   00007f960defe0b0 00007f960defff20 

Instructions: (pc=0x00007f963e3f0b3b)
0x00007f963e3f0b1b:   fe 09 0f 84 a8 00 00 00 3c e0 0f 84 a0 00 00 00
0x00007f963e3f0b2b:   48 8b 73 08 4c 8b 26 4d 85 e4 0f 84 a5 00 00 00
0x00007f963e3f0b3b:   41 0f b7 44 24 2c 89 c6 83 e6 1f 66 83 fe 18 0f
0x00007f963e3f0b4b:   84 a8 00 00 00 83 e0 0f 66 83 f8 08 75 08 49 8b 

Register to memory mapping:

RAX=0x0000000000000015 is an unknown value
RBX=0x00007f963ad8f210 is an unknown value
RCX=0x00007f960defdf10 is pointing into the stack for thread: 0x00007f963820c000
RDX=0x00007f95ec092490 is an unknown value
RSP=0x00007f960defde50 is pointing into the stack for thread: 0x00007f963820c000
RBP=0x00007f960defdea0 is pointing into the stack for thread: 0x00007f963820c000
RSI=0x00007f963ad8f248 is an unknown value
RDI=0x00007f95ec1326b8 is an unknown value
R8 =0x00007f963ad8f278 is an unknown value
R9 =0x00007f96387e83b0 is an unknown value
R10=0x00007f96387e83f8 is an unknown value
R11=0x0000000000000007 is an unknown value
R12=0x00307f963ad8ea08 is an unknown value
R13=0x00000000000003d4 is an unknown value
R14=0x0000000000000000 is an unknown value
R15=0x00007f95e84b42b0 is an unknown value


Stack: [0x00007f960de02000,0x00007f960df02000],  sp=0x00007f960defde50,  free space=1007k
Native frames: (J=compiled Java code, j=interpreted, Vv=VM code, C=native code)
V  [libjvm.so+0x8c4b3b]
V  [libjvm.so+0x8605db]
V  [libjvm.so+0x86af98]
V  [libjvm.so+0x86b006]
V  [libjvm.so+0x86e5f2]
V  [libjvm.so+0x86f681]
V  [libjvm.so+0x93c119]
V  [libjvm.so+0x5e50f4]
V  [libjvm.so+0x5e55e5]
V  [libjvm.so+0x9290df]
V  [libjvm.so+0x92a033]
V  [libjvm.so+0x9269d3]
V  [libjvm.so+0x919eb0]
V  [libjvm.so+0x91a0a3]
V  [libjvm.so+0x91ad27]
V  [libjvm.so+0x3d46c2]
V  [libjvm.so+0x5496fd]
V  [libjvm.so+0x921ddd]
V  [libjvm.so+0x919eb0]
V  [libjvm.so+0x91a0a3]
V  [libjvm.so+0x91ad27]
V  [libjvm.so+0x3d46c2]
V  [libjvm.so+0x5496fd]
V  [libjvm.so+0x921ddd]
V  [libjvm.so+0x919eb0]
V  [libjvm.so+0x91a0a3]
V  [libjvm.so+0x91ad27]
V  [libjvm.so+0x3d46c2]
V  [libjvm.so+0x5496fd]
V  [libjvm.so+0x921ddd]
V  [libjvm.so+0x919eb0]
V  [libjvm.so+0x91a0a3]
V  [libjvm.so+0x91ad27]
V  [libjvm.so+0x3d46c2]
V  [libjvm.so+0x47ebfd]
V  [libjvm.so+0x3d3d23]
V  [libjvm.so+0x486fbf]
V  [libjvm.so+0x488bc8]
V  [libjvm.so+0xa35d50]
V  [libjvm.so+0xa36138]
V  [libjvm.so+0x8eafe0]
C  [libpthread.so.0+0x9609]  start_thread+0xd9


Current CompileTask:
C2:   8243 7853       4       sbt.librarymanagement.CallerFormats$$anon$1::read (7 bytes)


---------------  P R O C E S S  ---------------

Java Threads: ( => current thread )
  0x00007f963a048000 JavaThread "pool-6-thread-10" [_thread_blocked, id=29769, stack(0x00007f95b09dd000,0x00007f95b0dde000)]
  0x00007f963a047000 JavaThread "pool-6-thread-9" [_thread_blocked, id=29768, stack(0x00007f95dd05f000,0x00007f95dd460000)]
  0x00007f963a046000 JavaThread "pool-6-thread-8" [_thread_blocked, id=29767, stack(0x00007f95dc45c000,0x00007f95dc85d000)]
  0x00007f963a044800 JavaThread "pool-6-thread-7" [_thread_blocked, id=29766, stack(0x00007f95de063000,0x00007f95de464000)]
  0x00007f963a043800 JavaThread "pool-6-thread-6" [_thread_blocked, id=29765, stack(0x00007f95dcc5e000,0x00007f95dd05f000)]
  0x00007f963a042800 JavaThread "pool-6-thread-5" [_thread_blocked, id=29764, stack(0x00007f95dd861000,0x00007f95ddc62000)]
  0x00007f963a041800 JavaThread "pool-6-thread-4" [_thread_blocked, id=29763, stack(0x00007f95ddc62000,0x00007f95de063000)]
  0x00007f963a040800 JavaThread "pool-6-thread-3" [_thread_in_Java, id=29762, stack(0x00007f95dc85d000,0x00007f95dcc5e000)]
  0x00007f963a03f800 JavaThread "pool-6-thread-2" [_thread_blocked, id=29761, stack(0x00007f95dd460000,0x00007f95dd861000)]
  0x00007f963a03e800 JavaThread "pool-6-thread-1" [_thread_blocked, id=29760, stack(0x00007f95b3bff000,0x00007f95b4000000)]
  0x00007f95a8003000 JavaThread "scala-execution-context-global-40" daemon [_thread_blocked, id=29749, stack(0x00007f95b11de000,0x00007f95b15df000)]
  0x00007f959c003000 JavaThread "scala-execution-context-global-39" daemon [_thread_blocked, id=29748, stack(0x00007f95b15df000,0x00007f95b19e0000)]
  0x00007f95a4005800 JavaThread "scala-execution-context-global-38" daemon [_thread_blocked, id=29747, stack(0x00007f95b19e0000,0x00007f95b1de1000)]
  0x00007f959c001000 JavaThread "scala-execution-context-global-37" daemon [_thread_blocked, id=29746, stack(0x00007f95b1de1000,0x00007f95b21e2000)]
  0x00007f95a8001000 JavaThread "scala-execution-context-global-36" daemon [_thread_blocked, id=29745, stack(0x00007f95b21e2000,0x00007f95b25e3000)]
  0x00007f95a4004000 JavaThread "scala-execution-context-global-35" daemon [_thread_blocked, id=29744, stack(0x00007f95b25e3000,0x00007f95b29e4000)]
  0x00007f95a4002800 JavaThread "scala-execution-context-global-34" daemon [_thread_blocked, id=29743, stack(0x00007f95b29e4000,0x00007f95b2de5000)]
  0x00007f95bc200000 JavaThread "scala-execution-context-global-33" daemon [_thread_blocked, id=29742, stack(0x00007f95b2de5000,0x00007f95b31e6000)]
  0x00007f963ac2c800 JavaThread "process reaper" daemon [_thread_blocked, id=29702, stack(0x00007f95dfdc7000,0x00007f95dfe00000)]
  0x00007f963a5a5800 JavaThread "Log4j2-TF-1-AsyncLogger[AsyncContext@2b9627bc]-1" daemon [_thread_blocked, id=29700, stack(0x00007f960c81e000,0x00007f960cc1f000)]
  0x00007f9638219000 JavaThread "Service Thread" daemon [_thread_blocked, id=29698, stack(0x00007f960d8ff000,0x00007f960dd00000)]
  0x00007f963820e000 JavaThread "C1 CompilerThread3" daemon [_thread_in_vm_trans, id=29697, stack(0x00007f960dd01000,0x00007f960de01000)]
=>0x00007f963820c000 JavaThread "C2 CompilerThread2" daemon [_thread_in_native, id=29696, stack(0x00007f960de02000,0x00007f960df02000)]
  0x00007f963820a000 JavaThread "C2 CompilerThread1" daemon [_thread_in_native, id=29695, stack(0x00007f960df03000,0x00007f960e003000)]
  0x00007f9638207800 JavaThread "C2 CompilerThread0" daemon [_thread_in_native, id=29694, stack(0x00007f960e004000,0x00007f960e104000)]
  0x00007f9638203000 JavaThread "Signal Dispatcher" daemon [_thread_blocked, id=29693, stack(0x00007f960e104000,0x00007f960e505000)]
  0x00007f96381d5000 JavaThread "Finalizer" daemon [_thread_blocked, id=29692, stack(0x00007f960f3ff000,0x00007f960f800000)]
  0x00007f96381d0800 JavaThread "Reference Handler" daemon [_thread_blocked, id=29691, stack(0x00007f96140e4000,0x00007f96144e5000)]
  0x00007f963800a800 JavaThread "main" [_thread_blocked, id=29681, stack(0x00007f963d3e1000,0x00007f963d7e1000)]

Other Threads:
  0x00007f96381c7000 VMThread [stack: 0x00007f96144e6000,0x00007f96145e6000] [id=29690]
  0x00007f963821b800 WatcherThread [stack: 0x00007f960d7ff000,0x00007f960d8ff000] [id=29699]

VM state:not at safepoint (normal execution)

VM Mutex/Monitor currently owned by a thread: None

heap address: 0x00000000c0000000, size: 1024 MB, Compressed Oops mode: 32-bit
Narrow klass base: 0x0000000000000000, Narrow klass shift: 3
Compressed class space size: 1073741824 Address: 0x0000000100000000

Heap:
 PSYoungGen      total 305664K, used 105062K [0x00000000eab00000, 0x0000000100000000, 0x0000000100000000)
  eden space 262144K, 24% used [0x00000000eab00000,0x00000000ee9c3740,0x00000000fab00000)
  from space 43520K, 93% used [0x00000000fab00000,0x00000000fd2d6228,0x00000000fd580000)
  to   space 42496K, 0% used [0x00000000fd680000,0x00000000fd680000,0x0000000100000000)
 ParOldGen       total 699392K, used 40913K [0x00000000c0000000, 0x00000000eab00000, 0x00000000eab00000)
  object space 699392K, 5% used [0x00000000c0000000,0x00000000c27f4520,0x00000000eab00000)
 Metaspace       used 69847K, capacity 78845K, committed 79104K, reserved 1118208K
  class space    used 9610K, capacity 10184K, committed 10240K, reserved 1048576K

Card table byte_map: [0x00007f963cf79000,0x00007f963d17a000] byte_map_base: 0x00007f963c979000

Marking Bits: (ParMarkBitMap*) 0x00007f963e84e3c0
 Begin Bits: [0x00007f9616000000, 0x00007f9617000000)
 End Bits:   [0x00007f9617000000, 0x00007f9618000000)

Polling page: 0x00007f963eafc000

CodeCache: size=131072Kb used=18371Kb max_used=18385Kb free=112700Kb
 bounds [0x00007f9630000000, 0x00007f9631220000, 0x00007f9638000000]
 total_blobs=7331 nmethods=6727 adapters=515
 compilation: enabled

Compilation events (10 events):
Event: 8.200 Thread 0x00007f963820c000 nmethod 7848 0x00007f9630e48750 code [0x00007f9630e48920, 0x00007f9630e48d30]
Event: 8.200 Thread 0x00007f963820c000 7852       4       scala.collection.mutable.HashTable$HashUtils::improve (12 bytes)
Event: 8.201 Thread 0x00007f963820c000 nmethod 7852 0x00007f9630e484d0 code [0x00007f9630e48620, 0x00007f9630e486b8]
Event: 8.201 Thread 0x00007f963820c000 7851       4       sjsonnew.FlatUnionFormats$$anon$5::read (636 bytes)
Event: 8.226 Thread 0x00007f963820c000 nmethod 7851 0x00007f96311fe450 code [0x00007f96311fe700, 0x00007f96311ff4f0]
Event: 8.226 Thread 0x00007f963820c000 7856       4       sun.util.calendar.BaseCalendar$Date::<init> (32 bytes)
Event: 8.227 Thread 0x00007f963820c000 nmethod 7856 0x00007f96302c4e10 code [0x00007f96302c4f60, 0x00007f96302c4ff8]
Event: 8.227 Thread 0x00007f963820c000 7855       4       sbt.librarymanagement.Caller::<init> (44 bytes)
Event: 8.228 Thread 0x00007f963820c000 nmethod 7855 0x00007f9630a05390 code [0x00007f9630a054e0, 0x00007f9630a05598]
Event: 8.228 Thread 0x00007f963820c000 7853       4       sbt.librarymanagement.CallerFormats$$anon$1::read (7 bytes)

GC Heap History (10 events):
Event: 6.827 GC heap before
{Heap before GC invocations=8 (full 3):
 PSYoungGen      total 305664K, used 46003K [0x00000000eab00000, 0x0000000100000000, 0x0000000100000000)
  eden space 262144K, 9% used [0x00000000eab00000,0x00000000ec2cdc18,0x00000000fab00000)
  from space 43520K, 49% used [0x00000000fd580000,0x00000000fea9f2a8,0x0000000100000000)
  to   space 43520K, 0% used [0x00000000fab00000,0x00000000fab00000,0x00000000fd580000)
 ParOldGen       total 699392K, used 38162K [0x00000000c0000000, 0x00000000eab00000, 0x00000000eab00000)
  object space 699392K, 5% used [0x00000000c0000000,0x00000000c2544b90,0x00000000eab00000)
 Metaspace       used 68147K, capacity 76455K, committed 76672K, reserved 1116160K
  class space    used 9356K, capacity 9855K, committed 9856K, reserved 1048576K
Event: 6.836 GC heap after
Heap after GC invocations=8 (full 3):
 PSYoungGen      total 305664K, used 15098K [0x00000000eab00000, 0x0000000100000000, 0x0000000100000000)
  eden space 262144K, 0% used [0x00000000eab00000,0x00000000eab00000,0x00000000fab00000)
  from space 43520K, 34% used [0x00000000fab00000,0x00000000fb9be848,0x00000000fd580000)
  to   space 43520K, 0% used [0x00000000fd580000,0x00000000fd580000,0x0000000100000000)
 ParOldGen       total 699392K, used 38170K [0x00000000c0000000, 0x00000000eab00000, 0x00000000eab00000)
  object space 699392K, 5% used [0x00000000c0000000,0x00000000c2546b90,0x00000000eab00000)
 Metaspace       used 68147K, capacity 76455K, committed 76672K, reserved 1116160K
  class space    used 9356K, capacity 9855K, committed 9856K, reserved 1048576K
}
Event: 6.836 GC heap before
{Heap before GC invocations=9 (full 4):
 PSYoungGen      total 305664K, used 15098K [0x00000000eab00000, 0x0000000100000000, 0x0000000100000000)
  eden space 262144K, 0% used [0x00000000eab00000,0x00000000eab00000,0x00000000fab00000)
  from space 43520K, 34% used [0x00000000fab00000,0x00000000fb9be848,0x00000000fd580000)
  to   space 43520K, 0% used [0x00000000fd580000,0x00000000fd580000,0x0000000100000000)
 ParOldGen       total 699392K, used 38170K [0x00000000c0000000, 0x00000000eab00000, 0x00000000eab00000)
  object space 699392K, 5% used [0x00000000c0000000,0x00000000c2546b90,0x00000000eab00000)
 Metaspace       used 68147K, capacity 76455K, committed 76672K, reserved 1116160K
  class space    used 9356K, capacity 9855K, committed 9856K, reserved 1048576K
Event: 6.976 GC heap after
Heap after GC invocations=9 (full 4):
 PSYoungGen      total 305664K, used 0K [0x00000000eab00000, 0x0000000100000000, 0x0000000100000000)
  eden space 262144K, 0% used [0x00000000eab00000,0x00000000eab00000,0x00000000fab00000)
  from space 43520K, 0% used [0x00000000fab00000,0x00000000fab00000,0x00000000fd580000)
  to   space 43520K, 0% used [0x00000000fd580000,0x00000000fd580000,0x0000000100000000)
 ParOldGen       total 699392K, used 41294K [0x00000000c0000000, 0x00000000eab00000, 0x00000000eab00000)
  object space 699392K, 5% used [0x00000000c0000000,0x00000000c2853a08,0x00000000eab00000)
 Metaspace       used 67946K, capacity 76025K, committed 76672K, reserved 1116160K
  class space    used 9288K, capacity 9774K, committed 9856K, reserved 1048576K
}
Event: 6.977 GC heap before
{Heap before GC invocations=10 (full 4):
 PSYoungGen      total 305664K, used 5077K [0x00000000eab00000, 0x0000000100000000, 0x0000000100000000)
  eden space 262144K, 1% used [0x00000000eab00000,0x00000000eaff54f8,0x00000000fab00000)
  from space 43520K, 0% used [0x00000000fab00000,0x00000000fab00000,0x00000000fd580000)
  to   space 43520K, 0% used [0x00000000fd580000,0x00000000fd580000,0x0000000100000000)
 ParOldGen       total 699392K, used 41294K [0x00000000c0000000, 0x00000000eab00000, 0x00000000eab00000)
  object space 699392K, 5% used [0x00000000c0000000,0x00000000c2853a08,0x00000000eab00000)
 Metaspace       used 67948K, capacity 76025K, committed 76672K, reserved 1116160K
  class space    used 9289K, capacity 9774K, committed 9856K, reserved 1048576K
Event: 6.980 GC heap after
Heap after GC invocations=10 (full 4):
 PSYoungGen      total 305664K, used 128K [0x00000000eab00000, 0x0000000100000000, 0x0000000100000000)
  eden space 262144K, 0% used [0x00000000eab00000,0x00000000eab00000,0x00000000fab00000)
  from space 43520K, 0% used [0x00000000fd580000,0x00000000fd5a0000,0x0000000100000000)
  to   space 43520K, 0% used [0x00000000fab00000,0x00000000fab00000,0x00000000fd580000)
 ParOldGen       total 699392K, used 41294K [0x00000000c0000000, 0x00000000eab00000, 0x00000000eab00000)
  object space 699392K, 5% used [0x00000000c0000000,0x00000000c2853a08,0x00000000eab00000)
 Metaspace       used 67948K, capacity 76025K, committed 76672K, reserved 1116160K
  class space    used 9289K, capacity 9774K, committed 9856K, reserved 1048576K
}
Event: 6.980 GC heap before
{Heap before GC invocations=11 (full 5):
 PSYoungGen      total 305664K, used 128K [0x00000000eab00000, 0x0000000100000000, 0x0000000100000000)
  eden space 262144K, 0% used [0x00000000eab00000,0x00000000eab00000,0x00000000fab00000)
  from space 43520K, 0% used [0x00000000fd580000,0x00000000fd5a0000,0x0000000100000000)
  to   space 43520K, 0% used [0x00000000fab00000,0x00000000fab00000,0x00000000fd580000)
 ParOldGen       total 699392K, used 41294K [0x00000000c0000000, 0x00000000eab00000, 0x00000000eab00000)
  object space 699392K, 5% used [0x00000000c0000000,0x00000000c2853a08,0x00000000eab00000)
 Metaspace       used 67948K, capacity 76025K, committed 76672K, reserved 1116160K
  class space    used 9289K, capacity 9774K, committed 9856K, reserved 1048576K
Event: 7.120 GC heap after
Heap after GC invocations=11 (full 5):
 PSYoungGen      total 305664K, used 0K [0x00000000eab00000, 0x0000000100000000, 0x0000000100000000)
  eden space 262144K, 0% used [0x00000000eab00000,0x00000000eab00000,0x00000000fab00000)
  from space 43520K, 0% used [0x00000000fd580000,0x00000000fd580000,0x0000000100000000)
  to   space 43520K, 0% used [0x00000000fab00000,0x00000000fab00000,0x00000000fd580000)
 ParOldGen       total 699392K, used 40905K [0x00000000c0000000, 0x00000000eab00000, 0x00000000eab00000)
  object space 699392K, 5% used [0x00000000c0000000,0x00000000c27f2520,0x00000000eab00000)
 Metaspace       used 67948K, capacity 76025K, committed 76672K, reserved 1116160K
  class space    used 9289K, capacity 9774K, committed 9856K, reserved 1048576K
}
Event: 8.055 GC heap before
{Heap before GC invocations=12 (full 5):
 PSYoungGen      total 305664K, used 262144K [0x00000000eab00000, 0x0000000100000000, 0x0000000100000000)
  eden space 262144K, 100% used [0x00000000eab00000,0x00000000fab00000,0x00000000fab00000)
  from space 43520K, 0% used [0x00000000fd580000,0x00000000fd580000,0x0000000100000000)
  to   space 43520K, 0% used [0x00000000fab00000,0x00000000fab00000,0x00000000fd580000)
 ParOldGen       total 699392K, used 40905K [0x00000000c0000000, 0x00000000eab00000, 0x00000000eab00000)
  object space 699392K, 5% used [0x00000000c0000000,0x00000000c27f2520,0x00000000eab00000)
 Metaspace       used 69844K, capacity 78845K, committed 79104K, reserved 1118208K
  class space    used 9610K, capacity 10184K, committed 10240K, reserved 1048576K
Event: 8.086 GC heap after
Heap after GC invocations=12 (full 5):
 PSYoungGen      total 305664K, used 40792K [0x00000000eab00000, 0x0000000100000000, 0x0000000100000000)
  eden space 262144K, 0% used [0x00000000eab00000,0x00000000eab00000,0x00000000fab00000)
  from space 43520K, 93% used [0x00000000fab00000,0x00000000fd2d6228,0x00000000fd580000)
  to   space 42496K, 0% used [0x00000000fd680000,0x00000000fd680000,0x0000000100000000)
 ParOldGen       total 699392K, used 40913K [0x00000000c0000000, 0x00000000eab00000, 0x00000000eab00000)
  object space 699392K, 5% used [0x00000000c0000000,0x00000000c27f4520,0x00000000eab00000)
 Metaspace       used 69844K, capacity 78845K, committed 79104K, reserved 1118208K
  class space    used 9610K, capacity 10184K, committed 10240K, reserved 1048576K
}

Deoptimization events (10 events):
Event: 7.611 Thread 0x00007f963a040800 Uncommon trap: reason=unstable_if action=reinterpret pc=0x00007f9630f08d94 method=sjsonnew.support.scalajson.unsafe.JsonPrinter.firstToBeEncoded$1(ILjava/lang/String;)I @ 23
Event: 7.611 Thread 0x00007f963a040800 Uncommon trap: reason=unstable_if action=reinterpret pc=0x00007f9630f0d088 method=sjsonnew.support.scalajson.unsafe.JsonPrinter.printLeaf(Lsjsonnew/shaded/scalajson/ast/unsafe/JValue;Ljava/lang/StringBuilder;)V @ 92
Event: 7.611 Thread 0x00007f963a040800 Uncommon trap: reason=unstable_if action=reinterpret pc=0x00007f9630f4a218 method=sjsonnew.support.scalajson.unsafe.JsonPrinter.firstToBeEncoded$1(ILjava/lang/String;)I @ 23
Event: 7.612 Thread 0x00007f963a040800 Uncommon trap: reason=unstable_if action=reinterpret pc=0x00007f9630f2be64 method=sjsonnew.support.scalajson.unsafe.JsonPrinter.printLeaf(Lsjsonnew/shaded/scalajson/ast/unsafe/JValue;Ljava/lang/StringBuilder;)V @ 92
Event: 7.612 Thread 0x00007f963a040800 Uncommon trap: reason=unstable_if action=reinterpret pc=0x00007f9630ef6ff4 method=sjsonnew.support.scalajson.unsafe.JsonPrinter.firstToBeEncoded$1(ILjava/lang/String;)I @ 23
Event: 7.613 Thread 0x00007f963a040800 Uncommon trap: reason=unstable_if action=reinterpret pc=0x00007f9630f51b98 method=sjsonnew.support.scalajson.unsafe.JsonPrinter.printLeaf(Lsjsonnew/shaded/scalajson/ast/unsafe/JValue;Ljava/lang/StringBuilder;)V @ 92
Event: 7.619 Thread 0x00007f963a041800 Uncommon trap: reason=speculate_class_check action=maybe_recompile pc=0x00007f9630ded8f4 method=sjsonnew.Unbuilder.endArray()V @ 33
Event: 7.626 Thread 0x00007f963a040800 Uncommon trap: reason=class_check action=maybe_recompile pc=0x00007f9630ef085c method=sjsonnew.Builder.beginObject()V @ 123
Event: 7.683 Thread 0x00007f963a043800 Uncommon trap: reason=unstable_if action=reinterpret pc=0x00007f963019570c method=sun.nio.cs.UTF_8$Decoder.decodeArrayLoop(Ljava/nio/ByteBuffer;Ljava/nio/CharBuffer;)Ljava/nio/charset/CoderResult; @ 84
Event: 7.715 Thread 0x00007f963a040800 Uncommon trap: reason=unstable_if action=reinterpret pc=0x00007f9630e32a20 method=jawn.Parser.rparse(IILscala/collection/immutable/List;Ljawn/Facade;)Lscala/Tuple2; @ 2077

Classes redefined (0 events):
No events

Internal exceptions (10 events):
Event: 7.511 Thread 0x00007f963800a800 Exception <a 'java/lang/NoSuchMethodError': java.lang.Object.$anonfun$seq$2()Lscala/collection/immutable/Nil$;> (0x00000000ed5a2550) thrown at [/build/openjdk-8-dVYQXe/openjdk-8-8u252-b09/src/hotspot/src/share/vm/interpreter/linkResolver.cpp, line 616]
Event: 7.511 Thread 0x00007f963800a800 Exception <a 'java/lang/NoSuchMethodError': java.lang.Object.$anonfun$seq0$1(Lsbt/internal/util/complete/Parser;)Lscala/util/Either;> (0x00000000ed5a6d18) thrown at [/build/openjdk-8-dVYQXe/openjdk-8-8u252-b09/src/hotspot/src/share/vm/interpreter/linkReso
Event: 7.512 Thread 0x00007f963800a800 Exception <a 'java/lang/NoSuchMethodError': java.lang.Object.$anonfun$seq0$5(Lscala/Function0;Lscala/collection/Seq;)Lscala/collection/Seq;> (0x00000000ed5bf1f0) thrown at [/build/openjdk-8-dVYQXe/openjdk-8-8u252-b09/src/hotspot/src/share/vm/interpreter/l
Event: 7.563 Thread 0x00007f963800a800 Exception <a 'java/lang/NoSuchMethodError': java.lang.Object.$anonfun$seq0$2(Lsbt/internal/util/complete/Parser$Failure;)Lscala/collection/Seq;> (0x00000000ed8ee388) thrown at [/build/openjdk-8-dVYQXe/openjdk-8-8u252-b09/src/hotspot/src/share/vm/interpret
Event: 7.564 Thread 0x00007f963800a800 Exception <a 'java/lang/NoSuchMethodError': java.lang.Object.$anonfun$seq0$4(Lscala/Function0;Lscala/collection/Seq;)Lscala/collection/Seq;> (0x00000000ed8f2bd0) thrown at [/build/openjdk-8-dVYQXe/openjdk-8-8u252-b09/src/hotspot/src/share/vm/interpreter/l
Event: 7.610 Thread 0x00007f963a03f800 Exception <a 'sun/nio/fs/UnixException'> (0x00000000eddfe5c0) thrown at [/build/openjdk-8-dVYQXe/openjdk-8-8u252-b09/src/hotspot/src/share/vm/prims/jni.cpp, line 710]
Event: 7.610 Thread 0x00007f963a03f800 Exception <a 'sun/nio/fs/UnixException'> (0x00000000eddfee80) thrown at [/build/openjdk-8-dVYQXe/openjdk-8-8u252-b09/src/hotspot/src/share/vm/prims/jni.cpp, line 710]
Event: 7.610 Thread 0x00007f963a03f800 Exception <a 'sun/nio/fs/UnixException'> (0x00000000eddffda8) thrown at [/build/openjdk-8-dVYQXe/openjdk-8-8u252-b09/src/hotspot/src/share/vm/prims/jni.cpp, line 710]
Event: 7.610 Thread 0x00007f963a03f800 Exception <a 'sun/nio/fs/UnixException'> (0x00000000ede00648) thrown at [/build/openjdk-8-dVYQXe/openjdk-8-8u252-b09/src/hotspot/src/share/vm/prims/jni.cpp, line 710]
Event: 7.629 Thread 0x00007f963a040800 Exception <a 'sun/nio/fs/UnixException'> (0x00000000edf3afb0) thrown at [/build/openjdk-8-dVYQXe/openjdk-8-8u252-b09/src/hotspot/src/share/vm/prims/jni.cpp, line 710]

Events (10 events):
Event: 8.119 Thread 0x00007f963820c000 flushing nmethod 0x00007f9630c6bb10
Event: 8.119 Thread 0x00007f963820c000 flushing nmethod 0x00007f9630c79610
Event: 8.119 Thread 0x00007f963820c000 flushing nmethod 0x00007f9630ccca10
Event: 8.120 Thread 0x00007f963820c000 flushing nmethod 0x00007f9630cfe710
Event: 8.120 Thread 0x00007f963820c000 flushing nmethod 0x00007f9630e1dd90
Event: 8.120 Thread 0x00007f963820c000 flushing nmethod 0x00007f9630e483d0
Event: 8.122 Thread 0x00007f963820c000 flushing nmethod 0x00007f9630f93550
Event: 8.122 Thread 0x00007f963820c000 flushing nmethod 0x00007f9630f9c290
Event: 8.122 Thread 0x00007f963820c000 flushing nmethod 0x00007f9630fa0bd0
Event: 8.122 Thread 0x00007f963820c000 flushing nmethod 0x00007f9630fa2110


Dynamic libraries:
c0000000-100a00000 rw-p 00000000 00:00 0 
100a00000-140000000 ---p 00000000 00:00 0 
55831fadd000-55831fade000 r--p 00000000 fd:01 1711161                    /usr/lib/jvm/java-8-openjdk-amd64/jre/bin/java
55831fade000-55831fadf000 r-xp 00001000 fd:01 1711161                    /usr/lib/jvm/java-8-openjdk-amd64/jre/bin/java
55831fadf000-55831fae0000 r--p 00002000 fd:01 1711161                    /usr/lib/jvm/java-8-openjdk-amd64/jre/bin/java
55831fae0000-55831fae1000 r--p 00002000 fd:01 1711161                    /usr/lib/jvm/java-8-openjdk-amd64/jre/bin/java
55831fae1000-55831fae2000 rw-p 00003000 fd:01 1711161                    /usr/lib/jvm/java-8-openjdk-amd64/jre/bin/java
5583206da000-5583206fb000 rw-p 00000000 00:00 0                          [heap]
7f9584000000-7f9584021000 rw-p 00000000 00:00 0 
7f9584021000-7f9588000000 ---p 00000000 00:00 0 
7f958c000000-7f958c021000 rw-p 00000000 00:00 0 
7f958c021000-7f9590000000 ---p 00000000 00:00 0 
7f9590000000-7f9590021000 rw-p 00000000 00:00 0 
7f9590021000-7f9594000000 ---p 00000000 00:00 0 
7f9594000000-7f9594021000 rw-p 00000000 00:00 0 
7f9594021000-7f9598000000 ---p 00000000 00:00 0 
7f9598000000-7f9598021000 rw-p 00000000 00:00 0 
7f9598021000-7f959c000000 ---p 00000000 00:00 0 
7f959c000000-7f959c021000 rw-p 00000000 00:00 0 
7f959c021000-7f95a0000000 ---p 00000000 00:00 0 
7f95a0000000-7f95a0021000 rw-p 00000000 00:00 0 
7f95a0021000-7f95a4000000 ---p 00000000 00:00 0 
7f95a4000000-7f95a4021000 rw-p 00000000 00:00 0 
7f95a4021000-7f95a8000000 ---p 00000000 00:00 0 
7f95a8000000-7f95a8021000 rw-p 00000000 00:00 0 
7f95a8021000-7f95ac000000 ---p 00000000 00:00 0 
7f95ac000000-7f95ac021000 rw-p 00000000 00:00 0 
7f95ac021000-7f95b0000000 ---p 00000000 00:00 0 
7f95b09dd000-7f95b09e0000 ---p 00000000 00:00 0 
7f95b09e0000-7f95b0f1e000 rw-p 00000000 00:00 0 
7f95b0f1e000-7f95b0fde000 ---p 00000000 00:00 0 
7f95b0fde000-7f95b11de000 rw-p 00000000 00:00 0 
7f95b11de000-7f95b11e1000 ---p 00000000 00:00 0 
7f95b11e1000-7f95b15df000 rw-p 00000000 00:00 0 
7f95b15df000-7f95b15e2000 ---p 00000000 00:00 0 
7f95b15e2000-7f95b19e0000 rw-p 00000000 00:00 0 
7f95b19e0000-7f95b19e3000 ---p 00000000 00:00 0 
7f95b19e3000-7f95b1de1000 rw-p 00000000 00:00 0 
7f95b1de1000-7f95b1de4000 ---p 00000000 00:00 0 
7f95b1de4000-7f95b21e2000 rw-p 00000000 00:00 0 
7f95b21e2000-7f95b21e5000 ---p 00000000 00:00 0 
7f95b21e5000-7f95b25e3000 rw-p 00000000 00:00 0 
7f95b25e3000-7f95b25e6000 ---p 00000000 00:00 0 
7f95b25e6000-7f95b29e4000 rw-p 00000000 00:00 0 
7f95b29e4000-7f95b29e7000 ---p 00000000 00:00 0 
7f95b29e7000-7f95b2de5000 rw-p 00000000 00:00 0 
7f95b2de5000-7f95b2de8000 ---p 00000000 00:00 0 
7f95b2de8000-7f95b33e6000 rw-p 00000000 00:00 0 
7f95b33e6000-7f95b35e6000 rw-p 00000000 00:00 0 
7f95b35e6000-7f95b37e6000 rw-p 00000000 00:00 0 
7f95b37e6000-7f95b37fe000 r-xp 00000000 fd:01 2407094                    /tmp/jna--1339089505/jna5196967407528718596.tmp (deleted)
7f95b37fe000-7f95b39fe000 ---p 00018000 fd:01 2407094                    /tmp/jna--1339089505/jna5196967407528718596.tmp (deleted)
7f95b39fe000-7f95b39ff000 rw-p 00018000 fd:01 2407094                    /tmp/jna--1339089505/jna5196967407528718596.tmp (deleted)
7f95b39ff000-7f95b3bff000 rw-p 00000000 00:00 0 
7f95b3bff000-7f95b3c02000 ---p 00000000 00:00 0 
7f95b3c02000-7f95b4000000 rw-p 00000000 00:00 0 
7f95b4000000-7f95b4021000 rw-p 00000000 00:00 0 
7f95b4021000-7f95b8000000 ---p 00000000 00:00 0 
7f95b8000000-7f95b8021000 rw-p 00000000 00:00 0 
7f95b8021000-7f95bc000000 ---p 00000000 00:00 0 
7f95bc000000-7f95bc2a3000 rw-p 00000000 00:00 0 
7f95bc2a3000-7f95c0000000 ---p 00000000 00:00 0 
7f95c0000000-7f95c0033000 rw-p 00000000 00:00 0 
7f95c0033000-7f95c4000000 ---p 00000000 00:00 0 
7f95c4000000-7f95c4021000 rw-p 00000000 00:00 0 
7f95c4021000-7f95c8000000 ---p 00000000 00:00 0 
7f95c8000000-7f95c80f5000 rw-p 00000000 00:00 0 
7f95c80f5000-7f95cc000000 ---p 00000000 00:00 0 
7f95cc000000-7f95cc05d000 rw-p 00000000 00:00 0 
7f95cc05d000-7f95d0000000 ---p 00000000 00:00 0 
7f95d0000000-7f95d0037000 rw-p 00000000 00:00 0 
7f95d0037000-7f95d4000000 ---p 00000000 00:00 0 
7f95d4000000-7f95d4021000 rw-p 00000000 00:00 0 
7f95d4021000-7f95d8000000 ---p 00000000 00:00 0 
7f95d8000000-7f95d8021000 rw-p 00000000 00:00 0 
7f95d8021000-7f95dc000000 ---p 00000000 00:00 0 
7f95dc05c000-7f95dc25c000 rw-p 00000000 00:00 0 
7f95dc25c000-7f95dc45c000 rw-p 00000000 00:00 0 
7f95dc45c000-7f95dc45f000 ---p 00000000 00:00 0 
7f95dc45f000-7f95dc85d000 rw-p 00000000 00:00 0 
7f95dc85d000-7f95dc860000 ---p 00000000 00:00 0 
7f95dc860000-7f95dcc5e000 rw-p 00000000 00:00 0 
7f95dcc5e000-7f95dcc61000 ---p 00000000 00:00 0 
7f95dcc61000-7f95dd05f000 rw-p 00000000 00:00 0 
7f95dd05f000-7f95dd062000 ---p 00000000 00:00 0 
7f95dd062000-7f95dd460000 rw-p 00000000 00:00 0 
7f95dd460000-7f95dd463000 ---p 00000000 00:00 0 
7f95dd463000-7f95dd861000 rw-p 00000000 00:00 0 
7f95dd861000-7f95dd864000 ---p 00000000 00:00 0 
7f95dd864000-7f95ddc62000 rw-p 00000000 00:00 0 
7f95ddc62000-7f95ddc65000 ---p 00000000 00:00 0 
7f95ddc65000-7f95de063000 rw-p 00000000 00:00 0 
7f95de063000-7f95de066000 ---p 00000000 00:00 0 
7f95de066000-7f95de664000 rw-p 00000000 00:00 0 
7f95de664000-7f95de864000 rw-p 00000000 00:00 0 
7f95de864000-7f95dea64000 rw-p 00000000 00:00 0 
7f95dea64000-7f95dec64000 rw-p 00000000 00:00 0 
7f95dec64000-7f95dee64000 rw-p 00000000 00:00 0 
7f95dee64000-7f95df064000 rw-p 00000000 00:00 0 
7f95df064000-7f95df264000 rw-p 00000000 00:00 0 
7f95df264000-7f95df464000 rw-p 00000000 00:00 0 
7f95df464000-7f95df664000 rw-p 00000000 00:00 0 
7f95df664000-7f95df864000 rw-p 00000000 00:00 0 
7f95df864000-7f95dfa64000 rw-p 00000000 00:00 0 
7f95dfa79000-7f95dfa7b000 r--s 00003000 fd:01 3422366                    /home/daniel/.ivy2/cache/com.google.code.findbugs/jsr305/jars/jsr305-3.0.2.jar
7f95dfa7b000-7f95dfa80000 r--s 00034000 fd:01 3422364                    /home/daniel/.ivy2/cache/com.google.code.gson/gson/jars/gson-2.7.jar
7f95dfa80000-7f95dfa9a000 r--s 0021e000 fd:01 1577478                    /home/daniel/.ivy2/cache/net.java.dev.jna/jna-platform/jars/jna-platform-4.5.0.jar
7f95dfa9a000-7f95dfb48000 r--s 00a16000 fd:01 3422365                    /home/daniel/.ivy2/cache/scala_2.12/sbt_1.0/ch.epfl.scala/sbt-bloop/jars/sbt-bloop-1.4.3.jar
7f95dfb48000-7f95dfb4d000 r--s 002f9000 fd:01 1728284                    /usr/lib/jvm/java-8-openjdk-amd64/jre/lib/charsets.jar
7f95dfb4d000-7f95dfbc7000 r--s 01103000 fd:01 1728543                    /usr/lib/jvm/java-8-openjdk-amd64/lib/tools.jar
7f95dfbc7000-7f95dfdc7000 rw-p 00000000 00:00 0 
7f95dfdc7000-7f95dfdca000 ---p 00000000 00:00 0 
7f95dfdca000-7f95e0000000 rw-p 00000000 00:00 0 
7f95e0000000-7f95e0021000 rw-p 00000000 00:00 0 
7f95e0021000-7f95e4000000 ---p 00000000 00:00 0 
7f95e4000000-7f95e4021000 rw-p 00000000 00:00 0 
7f95e4021000-7f95e8000000 ---p 00000000 00:00 0 
7f95e8000000-7f95e8de2000 rw-p 00000000 00:00 0 
7f95e8de2000-7f95ec000000 ---p 00000000 00:00 0 
7f95ec000000-7f95ec84e000 rw-p 00000000 00:00 0 
7f95ec84e000-7f95f0000000 ---p 00000000 00:00 0 
7f95f0000000-7f95f0cad000 rw-p 00000000 00:00 0 
7f95f0cad000-7f95f4000000 ---p 00000000 00:00 0 
7f95f4000000-7f95f49d3000 rw-p 00000000 00:00 0 
7f95f49d3000-7f95f8000000 ---p 00000000 00:00 0 
7f95f8000000-7f95f8021000 rw-p 00000000 00:00 0 
7f95f8021000-7f95fc000000 ---p 00000000 00:00 0 
7f95fc000000-7f95fc021000 rw-p 00000000 00:00 0 
7f95fc021000-7f9600000000 ---p 00000000 00:00 0 
7f9600000000-7f9600021000 rw-p 00000000 00:00 0 
7f9600021000-7f9604000000 ---p 00000000 00:00 0 
7f9604000000-7f9604021000 rw-p 00000000 00:00 0 
7f9604021000-7f9608000000 ---p 00000000 00:00 0 
7f9608000000-7f9608021000 rw-p 00000000 00:00 0 
7f9608021000-7f960c000000 ---p 00000000 00:00 0 
7f960c000000-7f960c004000 r--s 0015c000 fd:01 1577477                    /home/daniel/.ivy2/cache/net.java.dev.jna/jna/jars/jna-4.5.0.jar
7f960c004000-7f960c006000 r--s 00016000 fd:01 1728346                    /usr/lib/jvm/java-8-openjdk-amd64/jre/lib/jce.jar
7f960c006000-7f960c019000 r--s 00346000 fd:01 1728360                    /usr/lib/jvm/java-8-openjdk-amd64/jre/lib/resources.jar
7f960c019000-7f960c01e000 r--s 000a7000 fd:01 1728350                    /usr/lib/jvm/java-8-openjdk-amd64/jre/lib/jsse.jar
7f960c01e000-7f960c21e000 rw-p 00000000 00:00 0 
7f960c21e000-7f960c41e000 rw-p 00000000 00:00 0 
7f960c41e000-7f960c61e000 rw-p 00000000 00:00 0 
7f960c61e000-7f960c81e000 rw-p 00000000 00:00 0 
7f960c81e000-7f960c821000 ---p 00000000 00:00 0 
7f960c821000-7f960ce1f000 rw-p 00000000 00:00 0 
7f960ce1f000-7f960d01f000 rw-p 00000000 00:00 0 
7f960d01f000-7f960d023000 r--p 00000000 fd:01 1728256                    /usr/lib/jvm/java-8-openjdk-amd64/jre/lib/amd64/libmanagement.so
7f960d023000-7f960d027000 r-xp 00004000 fd:01 1728256                    /usr/lib/jvm/java-8-openjdk-amd64/jre/lib/amd64/libmanagement.so
7f960d027000-7f960d029000 r--p 00008000 fd:01 1728256                    /usr/lib/jvm/java-8-openjdk-amd64/jre/lib/amd64/libmanagement.so
7f960d029000-7f960d02a000 r--p 00009000 fd:01 1728256                    /usr/lib/jvm/java-8-openjdk-amd64/jre/lib/amd64/libmanagement.so
7f960d02a000-7f960d02b000 rw-p 0000a000 fd:01 1728256                    /usr/lib/jvm/java-8-openjdk-amd64/jre/lib/amd64/libmanagement.so
7f960d02b000-7f960d02d000 r--s 00012000 fd:01 1711496                    /home/daniel/.sbt/boot/scala-2.12.7/org.scala-sbt/sbt/1.2.7/core-macros_2.12-1.2.7.jar
7f960d02d000-7f960d22d000 rw-p 00000000 00:00 0 
7f960d22d000-7f960d230000 r--s 0003d000 fd:01 1715471                    /home/daniel/.sbt/boot/scala-2.12.7/org.scala-sbt/sbt/1.2.7/completion_2.12-1.2.7.jar
7f960d230000-7f960d231000 r--s 00007000 fd:01 1715366                    /home/daniel/.sbt/boot/scala-2.12.7/org.scala-sbt/sbt/1.2.7/okhttp-urlconnection-3.7.0.jar
7f960d231000-7f960d232000 r--s 0000f000 fd:01 1715449                    /home/daniel/.sbt/boot/scala-2.12.7/org.scala-sbt/sbt/1.2.7/sbt-1.2.7.jar
7f960d232000-7f960d234000 r--s 0000b000 fd:01 1712394                    /home/daniel/.sbt/boot/scala-2.12.7/org.scala-sbt/sbt/1.2.7/logic_2.12-1.2.7.jar
7f960d234000-7f960d235000 r--s 00003000 fd:01 1715337                    /home/daniel/.sbt/boot/scala-2.12.7/org.scala-sbt/sbt/1.2.7/zinc-compile_2.12-1.2.5.jar
7f960d235000-7f960d435000 rw-p 00000000 00:00 0 
7f960d435000-7f960d438000 r--s 0003a000 fd:01 1711443                    /home/daniel/.sbt/boot/scala-2.12.7/org.scala-sbt/sbt/1.2.7/util-logging_2.12-1.2.4.jar
7f960d438000-7f960d43c000 r--s 00030000 fd:01 1711685                    /home/daniel/.sbt/boot/scala-2.12.7/org.scala-sbt/sbt/1.2.7/scala-parser-combinators_2.12-1.0.5.jar
7f960d43c000-7f960d43d000 r--s 00001000 fd:01 1711516                    /home/daniel/.sbt/boot/scala-2.12.7/org.scala-sbt/sbt/1.2.7/sjson-new-murmurhash_2.12-0.8.2.jar
7f960d43d000-7f960d43f000 r--s 0000f000 fd:01 1715451                    /home/daniel/.sbt/boot/scala-2.12.7/org.scala-sbt/sbt/1.2.7/shaded-scalajson_2.12-1.0.0-M4.jar
7f960d43f000-7f960d440000 r--s 00002000 fd:01 1711435                    /home/daniel/.sbt/boot/scala-2.12.7/org.scala-sbt/sbt/1.2.7/launcher-interface-1.0.4.jar
7f960d440000-7f960d441000 r--s 0000c000 fd:01 1711403                    /home/daniel/.sbt/boot/scala-2.12.7/org.scala-sbt/sbt/1.2.7/zinc-classfile_2.12-1.2.5.jar
7f960d441000-7f960d443000 r--s 00002000 fd:01 1711476                    /home/daniel/.sbt/boot/scala-2.12.7/org.scala-sbt/sbt/1.2.7/util-control_2.12-1.2.4.jar
7f960d443000-7f960d445000 r--s 00011000 fd:01 1711490                    /home/daniel/.sbt/boot/scala-2.12.7/org.scala-sbt/sbt/1.2.7/jawn-parser_2.12-0.10.4.jar
7f960d445000-7f960d447000 r--s 00019000 fd:01 1711481                    /home/daniel/.sbt/boot/scala-2.12.7/org.scala-sbt/sbt/1.2.7/task-system_2.12-1.2.7.jar
7f960d447000-7f960d44a000 r--s 0002e000 fd:01 1715463                    /home/daniel/.sbt/boot/scala-2.12.7/org.scala-sbt/sbt/1.2.7/testing_2.12-1.2.7.jar
7f960d44a000-7f960d44c000 r--s 00009000 fd:01 1715465                    /home/daniel/.sbt/boot/scala-2.12.7/org.scala-sbt/sbt/1.2.7/slf4j-api-1.7.25.jar
7f960d44c000-7f960d44e000 r--s 00004000 fd:01 1715343                    /home/daniel/.sbt/boot/scala-2.12.7/org.scala-sbt/sbt/1.2.7/ipcsocket-1.0.0.jar
7f960d44e000-7f960d468000 r--s 0021e000 fd:01 1711417                    /home/daniel/.sbt/boot/scala-2.12.7/org.scala-sbt/sbt/1.2.7/jna-platform-4.5.0.jar
7f960d468000-7f960d46a000 r--s 00007000 fd:01 1715379                    /home/daniel/.sbt/boot/scala-2.12.7/org.scala-sbt/sbt/1.2.7/lenses_2.12-0.4.12.jar
7f960d46a000-7f960d479000 r--s 0013d000 fd:01 1711385                    /home/daniel/.sbt/boot/scala-2.12.7/org.scala-sbt/sbt/1.2.7/protobuf-java-3.3.1.jar
7f960d479000-7f960d47c000 r--s 00031000 fd:01 1711413                    /home/daniel/.sbt/boot/scala-2.12.7/org.scala-sbt/sbt/1.2.7/compiler-bridge_2.12-1.2.5.jar
7f960d47c000-7f960d47e000 r--s 0002f000 fd:01 1711493                    /home/daniel/.sbt/boot/scala-2.12.7/org.scala-sbt/sbt/1.2.7/util-cache_2.12-1.2.4.jar
7f960d47e000-7f960d488000 r--s 000b6000 fd:01 1711431                    /home/daniel/.sbt/boot/scala-2.12.7/org.scala-sbt/sbt/1.2.7/librarymanagement-core_2.12-1.2.3.jar
7f960d488000-7f960d489000 r--s 00009000 fd:01 1711395                    /home/daniel/.sbt/boot/scala-2.12.7/org.scala-sbt/sbt/1.2.7/gigahorse-okhttp_2.12-0.3.0.jar
7f960d489000-7f960d4ac000 r--s 00350000 fd:01 1711454                    /home/daniel/.sbt/boot/scala-2.12.7/org.scala-sbt/sbt/1.2.7/scala-reflect-2.12.7.jar
7f960d4ac000-7f960d4c2000 r--s 000e0000 fd:01 1711485                    /home/daniel/.sbt/boot/scala-2.12.7/org.scala-sbt/sbt/1.2.7/caffeine-2.5.6.jar
7f960d4c2000-7f960d4c6000 r--s 00047000 fd:01 1715455                    /home/daniel/.sbt/boot/scala-2.12.7/org.scala-sbt/sbt/1.2.7/fastparse_2.12-0.4.2.jar
7f960d4c6000-7f960d4c8000 r--s 00010000 fd:01 1715382                    /home/daniel/.sbt/boot/scala-2.12.7/org.scala-sbt/sbt/1.2.7/scripted-sbt-redux_2.12-1.2.7.jar
7f960d4c8000-7f960d4e9000 r--s 00168000 fd:01 1711450                    /home/daniel/.sbt/boot/scala-2.12.7/org.scala-sbt/sbt/1.2.7/log4j-core-2.11.1.jar
7f960d4e9000-7f960d4ee000 r--s 00040000 fd:01 1711681                    /home/daniel/.sbt/boot/scala-2.12.7/org.scala-sbt/sbt/1.2.7/jsch-0.1.54.jar
7f960d4ee000-7f960d4f4000 r--s 000bb000 fd:01 1715457                    /home/daniel/.sbt/boot/scala-2.12.7/org.scala-sbt/sbt/1.2.7/sjson-new-core_2.12-0.8.2.jar
7f960d4f4000-7f960d4f8000 r--s 0015c000 fd:01 1715334                    /home/daniel/.sbt/boot/scala-2.12.7/org.scala-sbt/sbt/1.2.7/jna-4.5.0.jar
7f960d4f8000-7f960d4f9000 r--s 00005000 fd:01 1711506                    /home/daniel/.sbt/boot/scala-2.12.7/org.scala-sbt/sbt/1.2.7/log4j-slf4j-impl-2.11.1.jar
7f960d4f9000-7f960d4ff000 r--s 0005b000 fd:01 1712157                    /home/daniel/.sbt/boot/scala-2.12.7/org.scala-sbt/sbt/1.2.7/okhttp-3.7.0.jar
7f960d4ff000-7f960d503000 r--s 00049000 fd:01 1711458                    /home/daniel/.sbt/boot/scala-2.12.7/org.scala-sbt/sbt/1.2.7/io_2.12-1.2.2.jar
7f960d503000-7f960d518000 r--s 00101000 fd:01 1711473                    /home/daniel/.sbt/boot/scala-2.12.7/org.scala-sbt/sbt/1.2.7/ivy-2.3.0-sbt-b18f59ea3bc914a297bb6f1a4f7fb0ace399e310.jar
7f960d518000-7f960d51a000 r--s 00019000 fd:01 1711447                    /home/daniel/.sbt/boot/scala-2.12.7/org.scala-sbt/sbt/1.2.7/sourcecode_2.12-0.1.3.jar
7f960d51a000-7f960d51e000 r--s 00052000 fd:01 1713241                    /home/daniel/.sbt/boot/scala-2.12.7/org.scala-sbt/sbt/1.2.7/zinc-core_2.12-1.2.5.jar
7f960d51e000-7f960d521000 r--s 00012000 fd:01 1715415                    /home/daniel/.sbt/boot/scala-2.12.7/org.scala-sbt/sbt/1.2.7/disruptor-3.4.2.jar
7f960d521000-7f960d523000 r--s 00012000 fd:01 1715461                    /home/daniel/.sbt/boot/scala-2.12.7/org.scala-sbt/sbt/1.2.7/okio-1.12.0.jar
7f960d523000-7f960d527000 r--s 00013000 fd:01 1711460                    /home/daniel/.sbt/boot/scala-2.12.7/org.scala-sbt/sbt/1.2.7/compiler-interface-1.2.5.jar
7f960d527000-7f960d528000 r--s 00006000 fd:01 1711677                    /home/daniel/.sbt/boot/scala-2.12.7/org.scala-sbt/sbt/1.2.7/util-position_2.12-1.2.4.jar
7f960d528000-7f960d529000 r--s 00000000 fd:01 1711488                    /home/daniel/.sbt/boot/scala-2.12.7/org.scala-sbt/sbt/1.2.7/scripted-plugin_2.12-1.2.7.jar
7f960d529000-7f960d52a000 r--s 0000b000 fd:01 1712159                    /home/daniel/.sbt/boot/scala-2.12.7/org.scala-sbt/sbt/1.2.7/zinc-ivy-integration_2.12-1.2.5.jar
7f960d52a000-7f960d531000 r--s 00091000 fd:01 1711483                    /home/daniel/.sbt/boot/scala-2.12.7/org.scala-sbt/sbt/1.2.7/main-settings_2.12-1.2.7.jar
7f960d531000-7f960d533000 r--s 00011000 fd:01 1711679                    /home/daniel/.sbt/boot/scala-2.12.7/org.scala-sbt/sbt/1.2.7/zinc-classpath_2.12-1.2.5.jar
7f960d533000-7f960d535000 r--s 0000e000 fd:01 1711498                    /home/daniel/.sbt/boot/scala-2.12.7/org.scala-sbt/sbt/1.2.7/zinc_2.12-1.2.5.jar
7f960d535000-7f960d537000 r--s 0000e000 fd:01 1715468                    /home/daniel/.sbt/boot/scala-2.12.7/org.scala-sbt/sbt/1.2.7/fastparse-utils_2.12-0.4.2.jar
7f960d537000-7f960d538000 r--s 00011000 fd:01 1711687                    /home/daniel/.sbt/boot/scala-2.12.7/org.scala-sbt/sbt/1.2.7/run_2.12-1.2.7.jar
7f960d538000-7f960d539000 r--s 00001000 fd:01 1711456                    /home/daniel/.sbt/boot/scala-2.12.7/org.scala-sbt/sbt/1.2.7/scalacache-caffeine_2.12-0.20.0.jar
7f960d539000-7f960d53b000 r--s 00008000 fd:01 1711478                    /home/daniel/.sbt/boot/scala-2.12.7/org.scala-sbt/sbt/1.2.7/sjson-new-scalajson_2.12-0.8.2.jar
7f960d53b000-7f960d53c000 r--s 00000000 fd:01 1715369                    /home/daniel/.sbt/boot/scala-2.12.7/org.scala-sbt/sbt/1.2.7/util-interface-1.2.4.jar
7f960d53c000-7f960d53d000 r--s 00000000 fd:01 1711520                    /home/daniel/.sbt/boot/scala-2.12.7/org.scala-sbt/sbt/1.2.7/template-resolver-0.1.jar
7f960d53d000-7f960d53f000 r--s 00024000 fd:01 1711513                    /home/daniel/.sbt/boot/scala-2.12.7/org.scala-sbt/sbt/1.2.7/zinc-apiinfo_2.12-1.2.5.jar
7f960d53f000-7f960d54c000 r--s 001b1000 fd:01 1712160                    /home/daniel/.sbt/boot/scala-2.12.7/org.scala-sbt/sbt/1.2.7/zinc-persist_2.12-1.2.5.jar
7f960d54c000-7f960d54f000 r--s 00034000 fd:01 1715318                    /home/daniel/.sbt/boot/scala-2.12.7/org.scala-sbt/sbt/1.2.7/zinc-compile-core_2.12-1.2.5.jar
7f960d54f000-7f960d551000 r--s 00012000 fd:01 1711504                    /home/daniel/.sbt/boot/scala-2.12.7/org.scala-sbt/sbt/1.2.7/tasks_2.12-1.2.7.jar
7f960d551000-7f960d554000 r--s 00044000 fd:01 1711389                    /home/daniel/.sbt/boot/scala-2.12.7/org.scala-sbt/sbt/1.2.7/command_2.12-1.2.7.jar
7f960d554000-7f960d559000 r--s 00095000 fd:01 1711683                    /home/daniel/.sbt/boot/scala-2.12.7/org.scala-sbt/sbt/1.2.7/librarymanagement-ivy_2.12-1.2.3.jar
7f960d559000-7f960d55a000 r--s 00003000 fd:01 1711407                    /home/daniel/.sbt/boot/scala-2.12.7/org.scala-sbt/sbt/1.2.7/util-relation_2.12-1.2.4.jar
7f960d55a000-7f960d75a000 rw-p 00000000 00:00 0 
7f960d75a000-7f960d765000 r--s 001c3000 fd:01 1711423                    /home/daniel/.sbt/boot/scala-2.12.7/org.scala-sbt/sbt/1.2.7/main_2.12-1.2.7.jar
7f960d765000-7f960d766000 r--s 00005000 fd:01 1711501                    /home/daniel/.sbt/boot/scala-2.12.7/org.scala-sbt/sbt/1.2.7/apple-file-events-1.3.2.jar
7f960d766000-7f960d76a000 r--s 0004c000 fd:01 1715401                    /home/daniel/.sbt/boot/scala-2.12.7/org.scala-sbt/sbt/1.2.7/collections_2.12-1.2.7.jar
7f960d76a000-7f960d770000 r--s 00080000 fd:01 1711399                    /home/daniel/.sbt/boot/scala-2.12.7/org.scala-sbt/sbt/1.2.7/scala-xml_2.12-1.0.6.jar
7f960d770000-7f960d772000 r--s 00007000 fd:01 1712391                    /home/daniel/.sbt/boot/scala-2.12.7/org.scala-sbt/sbt/1.2.7/util-tracking_2.12-1.2.4.jar
7f960d772000-7f960d778000 r--s 0003b000 fd:01 1715393                    /home/daniel/.sbt/boot/scala-2.12.7/org.scala-sbt/sbt/1.2.7/log4j-api-2.11.1.jar
7f960d778000-7f960d77a000 r--s 0000f000 fd:01 1711452                    /home/daniel/.sbt/boot/scala-2.12.7/org.scala-sbt/sbt/1.2.7/util-scripted_2.12-1.2.4.jar
7f960d77a000-7f960d77f000 r--s 00063000 fd:01 1715442                    /home/daniel/.sbt/boot/scala-2.12.7/org.scala-sbt/sbt/1.2.7/protocol_2.12-1.2.7.jar
7f960d77f000-7f960d784000 r--s 00031000 fd:01 1715445                    /home/daniel/.sbt/boot/scala-2.12.7/org.scala-sbt/sbt/1.2.7/config-1.2.0.jar
7f960d784000-7f960d788000 r--s 0003e000 fd:01 1715323                    /home/daniel/.sbt/boot/scala-2.12.7/org.scala-sbt/sbt/1.2.7/jline-2.14.6.jar
7f960d788000-7f960d78c000 r--s 00038000 fd:01 1711439                    /home/daniel/.sbt/boot/scala-2.12.7/org.scala-sbt/sbt/1.2.7/ssl-config-core_2.12-0.2.2.jar
7f960d78c000-7f960d7af000 r--s 00350000 fd:01 1715476                    /home/daniel/.sbt/boot/scala-2.12.7/lib/scala-reflect.jar
7f960d7af000-7f960d7fe000 r--s 009b0000 fd:01 1715486                    /home/daniel/.sbt/boot/scala-2.12.7/lib/scala-compiler.jar
7f960d7fe000-7f960d7ff000 ---p 00000000 00:00 0 
7f960d7ff000-7f960d8ff000 rw-p 00000000 00:00 0 
7f960d8ff000-7f960d902000 ---p 00000000 00:00 0 
7f960d902000-7f960dd00000 rw-p 00000000 00:00 0 
7f960dd00000-7f960dd01000 ---p 00000000 00:00 0 
7f960dd01000-7f960dd04000 ---p 00000000 00:00 0 
7f960dd04000-7f960de01000 rw-p 00000000 00:00 0 
7f960de01000-7f960de02000 ---p 00000000 00:00 0 
7f960de02000-7f960de05000 ---p 00000000 00:00 0 
7f960de05000-7f960df02000 rw-p 00000000 00:00 0 
7f960df02000-7f960df03000 ---p 00000000 00:00 0 
7f960df03000-7f960df06000 ---p 00000000 00:00 0 
7f960df06000-7f960e003000 rw-p 00000000 00:00 0 
7f960e003000-7f960e004000 ---p 00000000 00:00 0 
7f960e004000-7f960e007000 ---p 00000000 00:00 0 
7f960e007000-7f960e104000 rw-p 00000000 00:00 0 
7f960e104000-7f960e107000 ---p 00000000 00:00 0 
7f960e107000-7f960e505000 rw-p 00000000 00:00 0 
7f960e505000-7f960f3ff000 r--p 00000000 fd:01 1711499                    /usr/lib/locale/locale-archive
7f960f3ff000-7f960f402000 ---p 00000000 00:00 0 
7f960f402000-7f9610000000 rw-p 00000000 00:00 0 
7f9610000000-7f9610021000 rw-p 00000000 00:00 0 
7f9610021000-7f9614000000 ---p 00000000 00:00 0 
7f9614000000-7f9614001000 r--s 00000000 fd:01 1712158                    /home/daniel/.sbt/boot/scala-2.12.7/org.scala-sbt/sbt/1.2.7/reactive-streams-1.0.0.jar
7f9614001000-7f961400e000 r--s 001a6000 fd:01 1715346                    /home/daniel/.sbt/boot/scala-2.12.7/org.scala-sbt/sbt/1.2.7/scalapb-runtime_2.12-0.6.0.jar
7f961400e000-7f9614011000 r--s 00026000 fd:01 1715438                    /home/daniel/.sbt/boot/scala-2.12.7/org.scala-sbt/sbt/1.2.7/gigahorse-core_2.12-0.3.0.jar
7f9614011000-7f9614014000 r--s 0001c000 fd:01 1712389                    /home/daniel/.sbt/boot/scala-2.12.7/org.scala-sbt/sbt/1.2.7/scalacache-core_2.12-0.20.0.jar
7f9614014000-7f9614016000 r--s 00031000 fd:01 1711509                    /home/daniel/.sbt/boot/scala-2.12.7/org.scala-sbt/sbt/1.2.7/actions_2.12-1.2.7.jar
7f9614016000-7f9614019000 r--s 0002a000 fd:01 1715321                    /home/daniel/.sbt/boot/scala-2.12.7/org.scala-sbt/sbt/1.2.7/sbinary_2.12-0.5.0.jar
7f9614019000-7f961401f000 r--s 00080000 fd:01 1720627                    /home/daniel/.sbt/boot/scala-2.12.7/lib/scala-xml_2.12.jar
7f961401f000-7f9614023000 r--s 0003e000 fd:01 1715478                    /home/daniel/.sbt/boot/scala-2.12.7/lib/jline.jar
7f9614023000-7f961405a000 r--s 004d2000 fd:01 1715480                    /home/daniel/.sbt/boot/scala-2.12.7/lib/scala-library.jar
7f961405a000-7f961405c000 r--s 00002000 fd:01 1715436                    /home/daniel/.sbt/boot/scala-2.12.7/org.scala-sbt/sbt/1.2.7/test-interface-1.0.jar
7f961405c000-7f9614060000 r--p 00000000 fd:01 1728260                    /usr/lib/jvm/java-8-openjdk-amd64/jre/lib/amd64/libnet.so
7f9614060000-7f9614071000 r-xp 00004000 fd:01 1728260                    /usr/lib/jvm/java-8-openjdk-amd64/jre/lib/amd64/libnet.so
7f9614071000-7f9614075000 r--p 00015000 fd:01 1728260                    /usr/lib/jvm/java-8-openjdk-amd64/jre/lib/amd64/libnet.so
7f9614075000-7f9614076000 r--p 00018000 fd:01 1728260                    /usr/lib/jvm/java-8-openjdk-amd64/jre/lib/amd64/libnet.so
7f9614076000-7f9614077000 rw-p 00019000 fd:01 1728260                    /usr/lib/jvm/java-8-openjdk-amd64/jre/lib/amd64/libnet.so
7f9614077000-7f961407e000 r--p 00000000 fd:01 1728262                    /usr/lib/jvm/java-8-openjdk-amd64/jre/lib/amd64/libnio.so
7f961407e000-7f9614087000 r-xp 00007000 fd:01 1728262                    /usr/lib/jvm/java-8-openjdk-amd64/jre/lib/amd64/libnio.so
7f9614087000-7f961408a000 r--p 00010000 fd:01 1728262                    /usr/lib/jvm/java-8-openjdk-amd64/jre/lib/amd64/libnio.so
7f961408a000-7f961408b000 r--p 00012000 fd:01 1728262                    /usr/lib/jvm/java-8-openjdk-amd64/jre/lib/amd64/libnio.so
7f961408b000-7f961408c000 rw-p 00013000 fd:01 1728262                    /usr/lib/jvm/java-8-openjdk-amd64/jre/lib/amd64/libnio.so
7f961408c000-7f96140ac000 r--s 00135000 fd:01 1838177                    /usr/share/sbt/bin/sbt-launch.jar
7f96140ac000-7f96140c7000 r--s 001d6000 fd:01 1728314                    /usr/lib/jvm/java-8-openjdk-amd64/jre/lib/ext/nashorn.jar
7f96140c7000-7f96140c9000 r--s 00001000 fd:01 1728306                    /usr/lib/jvm/java-8-openjdk-amd64/jre/lib/ext/dnsns.jar
7f96140c9000-7f96140e4000 r--s 00394000 fd:01 1728304                    /usr/lib/jvm/java-8-openjdk-amd64/jre/lib/ext/cldrdata.jar
7f96140e4000-7f96140e7000 ---p 00000000 00:00 0 
7f96140e7000-7f96144e5000 rw-p 00000000 00:00 0 
7f96144e5000-7f96144e6000 ---p 00000000 00:00 0 
7f96144e6000-7f9618000000 rw-p 00000000 00:00 0 
7f9618000000-7f9618021000 rw-p 00000000 00:00 0 
7f9618021000-7f961c000000 ---p 00000000 00:00 0 
7f961c000000-7f961c021000 rw-p 00000000 00:00 0 
7f961c021000-7f9620000000 ---p 00000000 00:00 0 
7f9620000000-7f9620021000 rw-p 00000000 00:00 0 
7f9620021000-7f9624000000 ---p 00000000 00:00 0 
7f9624000000-7f9624021000 rw-p 00000000 00:00 0 
7f9624021000-7f9628000000 ---p 00000000 00:00 0 
7f9628000000-7f9628021000 rw-p 00000000 00:00 0 
7f9628021000-7f962c000000 ---p 00000000 00:00 0 
7f962c000000-7f962c021000 rw-p 00000000 00:00 0 
7f962c021000-7f9630000000 ---p 00000000 00:00 0 
7f9630000000-7f9631220000 rwxp 00000000 00:00 0 
7f9631220000-7f9638000000 ---p 00000000 00:00 0 
7f9638000000-7f963bb53000 rw-p 00000000 00:00 0 
7f963bb53000-7f963c000000 ---p 00000000 00:00 0 
7f963c000000-7f963c001000 r--s 00005000 fd:01 1711518                    /home/daniel/.sbt/boot/scala-2.12.7/org.scala-sbt/sbt/1.2.7/test-agent-1.2.7.jar
7f963c001000-7f963c007000 r--s 0003d000 fd:01 1728318                    /usr/lib/jvm/java-8-openjdk-amd64/jre/lib/ext/sunjce_provider.jar
7f963c007000-7f963c011000 r--s 00116000 fd:01 1728312                    /usr/lib/jvm/java-8-openjdk-amd64/jre/lib/ext/localedata.jar
7f963c011000-7f963c014000 r--s 0000f000 fd:01 1728308                    /usr/lib/jvm/java-8-openjdk-amd64/jre/lib/ext/icedtea-sound.jar
7f963c014000-7f963c015000 r--s 00010000 fd:01 1728322                    /usr/lib/jvm/java-8-openjdk-amd64/jre/lib/ext/zipfs.jar
7f963c015000-7f963c164000 rw-p 00000000 00:00 0 
7f963c164000-7f963c336000 r--s 03ca5000 fd:01 1728362                    /usr/lib/jvm/java-8-openjdk-amd64/jre/lib/rt.jar
7f963c336000-7f963c61b000 rw-p 00000000 00:00 0 
7f963c61b000-7f963c61c000 ---p 00000000 00:00 0 
7f963c61c000-7f963c71c000 rw-p 00000000 00:00 0 
7f963c71c000-7f963c71d000 ---p 00000000 00:00 0 
7f963c71d000-7f963c81d000 rw-p 00000000 00:00 0 
7f963c81d000-7f963c81e000 ---p 00000000 00:00 0 
7f963c81e000-7f963c91e000 rw-p 00000000 00:00 0 
7f963c91e000-7f963c91f000 ---p 00000000 00:00 0 
7f963c91f000-7f963ca1f000 rw-p 00000000 00:00 0 
7f963ca1f000-7f963ca20000 ---p 00000000 00:00 0 
7f963ca20000-7f963cb20000 rw-p 00000000 00:00 0 
7f963cb20000-7f963cb21000 ---p 00000000 00:00 0 
7f963cb21000-7f963cc21000 rw-p 00000000 00:00 0 
7f963cc21000-7f963cc22000 ---p 00000000 00:00 0 
7f963cc22000-7f963cd22000 rw-p 00000000 00:00 0 
7f963cd22000-7f963cd23000 ---p 00000000 00:00 0 
7f963cd23000-7f963d1c3000 rw-p 00000000 00:00 0 
7f963d1c3000-7f963d37a000 ---p 00000000 00:00 0 
7f963d37a000-7f963d37d000 r--p 00000000 fd:01 2111311                    /usr/lib/x86_64-linux-gnu/libnss_files-2.31.so
7f963d37d000-7f963d384000 r-xp 00003000 fd:01 2111311                    /usr/lib/x86_64-linux-gnu/libnss_files-2.31.so
7f963d384000-7f963d386000 r--p 0000a000 fd:01 2111311                    /usr/lib/x86_64-linux-gnu/libnss_files-2.31.so
7f963d386000-7f963d387000 r--p 0000b000 fd:01 2111311                    /usr/lib/x86_64-linux-gnu/libnss_files-2.31.so
7f963d387000-7f963d388000 rw-p 0000c000 fd:01 2111311                    /usr/lib/x86_64-linux-gnu/libnss_files-2.31.so
7f963d388000-7f963d38e000 rw-p 00000000 00:00 0 
7f963d38e000-7f963d392000 r--s 0003a000 fd:01 1728320                    /usr/lib/jvm/java-8-openjdk-amd64/jre/lib/ext/sunpkcs11.jar
7f963d392000-7f963d395000 r--p 00000000 fd:01 1728276                    /usr/lib/jvm/java-8-openjdk-amd64/jre/lib/amd64/libzip.so
7f963d395000-7f963d39a000 r-xp 00003000 fd:01 1728276                    /usr/lib/jvm/java-8-openjdk-amd64/jre/lib/amd64/libzip.so
7f963d39a000-7f963d39c000 r--p 00008000 fd:01 1728276                    /usr/lib/jvm/java-8-openjdk-amd64/jre/lib/amd64/libzip.so
7f963d39c000-7f963d39d000 r--p 00009000 fd:01 1728276                    /usr/lib/jvm/java-8-openjdk-amd64/jre/lib/amd64/libzip.so
7f963d39d000-7f963d39e000 rw-p 0000a000 fd:01 1728276                    /usr/lib/jvm/java-8-openjdk-amd64/jre/lib/amd64/libzip.so
7f963d39e000-7f963d3a6000 rw-s 00000000 fd:01 2407031                    /tmp/hsperfdata_daniel/29623
7f963d3a6000-7f963d3b3000 r--p 00000000 fd:01 1728238                    /usr/lib/jvm/java-8-openjdk-amd64/jre/lib/amd64/libjava.so
7f963d3b3000-7f963d3cb000 r-xp 0000d000 fd:01 1728238                    /usr/lib/jvm/java-8-openjdk-amd64/jre/lib/amd64/libjava.so
7f963d3cb000-7f963d3d2000 r--p 00025000 fd:01 1728238                    /usr/lib/jvm/java-8-openjdk-amd64/jre/lib/amd64/libjava.so
7f963d3d2000-7f963d3d3000 r--p 0002b000 fd:01 1728238                    /usr/lib/jvm/java-8-openjdk-amd64/jre/lib/amd64/libjava.so
7f963d3d3000-7f963d3d5000 rw-p 0002c000 fd:01 1728238                    /usr/lib/jvm/java-8-openjdk-amd64/jre/lib/amd64/libjava.so
7f963d3d5000-7f963d3d8000 r--p 00000000 fd:01 2111318                    /usr/lib/x86_64-linux-gnu/librt-2.31.so
7f963d3d8000-7f963d3dc000 r-xp 00003000 fd:01 2111318                    /usr/lib/x86_64-linux-gnu/librt-2.31.so
7f963d3dc000-7f963d3dd000 r--p 00007000 fd:01 2111318                    /usr/lib/x86_64-linux-gnu/librt-2.31.so
7f963d3dd000-7f963d3de000 ---p 00008000 fd:01 2111318                    /usr/lib/x86_64-linux-gnu/librt-2.31.so
7f963d3de000-7f963d3df000 r--p 00008000 fd:01 2111318                    /usr/lib/x86_64-linux-gnu/librt-2.31.so
7f963d3df000-7f963d3e0000 rw-p 00009000 fd:01 2111318                    /usr/lib/x86_64-linux-gnu/librt-2.31.so
7f963d3e0000-7f963d3e1000 ---p 00000000 00:00 0 
7f963d3e1000-7f963d3e4000 ---p 00000000 00:00 0 
7f963d3e4000-7f963d7e1000 rw-p 00000000 00:00 0 
7f963d7e1000-7f963d7e4000 r--p 00000000 fd:01 2105432                    /usr/lib/x86_64-linux-gnu/libgcc_s.so.1
7f963d7e4000-7f963d7f6000 r-xp 00003000 fd:01 2105432                    /usr/lib/x86_64-linux-gnu/libgcc_s.so.1
7f963d7f6000-7f963d7fa000 r--p 00015000 fd:01 2105432                    /usr/lib/x86_64-linux-gnu/libgcc_s.so.1
7f963d7fa000-7f963d7fb000 r--p 00018000 fd:01 2105432                    /usr/lib/x86_64-linux-gnu/libgcc_s.so.1
7f963d7fb000-7f963d7fc000 rw-p 00019000 fd:01 2105432                    /usr/lib/x86_64-linux-gnu/libgcc_s.so.1
7f963d7fc000-7f963d80b000 r--p 00000000 fd:01 2105439                    /usr/lib/x86_64-linux-gnu/libm-2.31.so
7f963d80b000-7f963d8b2000 r-xp 0000f000 fd:01 2105439                    /usr/lib/x86_64-linux-gnu/libm-2.31.so
7f963d8b2000-7f963d949000 r--p 000b6000 fd:01 2105439                    /usr/lib/x86_64-linux-gnu/libm-2.31.so
7f963d949000-7f963d94a000 r--p 0014c000 fd:01 2105439                    /usr/lib/x86_64-linux-gnu/libm-2.31.so
7f963d94a000-7f963d94b000 rw-p 0014d000 fd:01 2105439                    /usr/lib/x86_64-linux-gnu/libm-2.31.so
7f963d94b000-7f963d9e1000 r--p 00000000 fd:01 2109069                    /usr/lib/x86_64-linux-gnu/libstdc++.so.6.0.28
7f963d9e1000-7f963dad1000 r-xp 00096000 fd:01 2109069                    /usr/lib/x86_64-linux-gnu/libstdc++.so.6.0.28
7f963dad1000-7f963db1a000 r--p 00186000 fd:01 2109069                    /usr/lib/x86_64-linux-gnu/libstdc++.so.6.0.28
7f963db1a000-7f963db1b000 ---p 001cf000 fd:01 2109069                    /usr/lib/x86_64-linux-gnu/libstdc++.so.6.0.28
7f963db1b000-7f963db26000 r--p 001cf000 fd:01 2109069                    /usr/lib/x86_64-linux-gnu/libstdc++.so.6.0.28
7f963db26000-7f963db29000 rw-p 001da000 fd:01 2109069                    /usr/lib/x86_64-linux-gnu/libstdc++.so.6.0.28
7f963db29000-7f963db2c000 rw-p 00000000 00:00 0 
7f963db2c000-7f963dd1c000 r--p 00000000 fd:01 1728282                    /usr/lib/jvm/java-8-openjdk-amd64/jre/lib/amd64/server/libjvm.so
7f963dd1c000-7f963e5e0000 r-xp 001f0000 fd:01 1728282                    /usr/lib/jvm/java-8-openjdk-amd64/jre/lib/amd64/server/libjvm.so
7f963e5e0000-7f963e77d000 r--p 00ab4000 fd:01 1728282                    /usr/lib/jvm/java-8-openjdk-amd64/jre/lib/amd64/server/libjvm.so
7f963e77d000-7f963e77e000 ---p 00c51000 fd:01 1728282                    /usr/lib/jvm/java-8-openjdk-amd64/jre/lib/amd64/server/libjvm.so
7f963e77e000-7f963e812000 r--p 00c51000 fd:01 1728282                    /usr/lib/jvm/java-8-openjdk-amd64/jre/lib/amd64/server/libjvm.so
7f963e812000-7f963e83b000 rw-p 00ce5000 fd:01 1728282                    /usr/lib/jvm/java-8-openjdk-amd64/jre/lib/amd64/server/libjvm.so
7f963e83b000-7f963e86d000 rw-p 00000000 00:00 0 
7f963e86d000-7f963e874000 r--p 00000000 fd:01 2111316                    /usr/lib/x86_64-linux-gnu/libpthread-2.31.so
7f963e874000-7f963e885000 r-xp 00007000 fd:01 2111316                    /usr/lib/x86_64-linux-gnu/libpthread-2.31.so
7f963e885000-7f963e88a000 r--p 00018000 fd:01 2111316                    /usr/lib/x86_64-linux-gnu/libpthread-2.31.so
7f963e88a000-7f963e88b000 r--p 0001c000 fd:01 2111316                    /usr/lib/x86_64-linux-gnu/libpthread-2.31.so
7f963e88b000-7f963e88c000 rw-p 0001d000 fd:01 2111316                    /usr/lib/x86_64-linux-gnu/libpthread-2.31.so
7f963e88c000-7f963e890000 rw-p 00000000 00:00 0 
7f963e890000-7f963e891000 r--p 00000000 fd:01 2105438                    /usr/lib/x86_64-linux-gnu/libdl-2.31.so
7f963e891000-7f963e893000 r-xp 00001000 fd:01 2105438                    /usr/lib/x86_64-linux-gnu/libdl-2.31.so
7f963e893000-7f963e894000 r--p 00003000 fd:01 2105438                    /usr/lib/x86_64-linux-gnu/libdl-2.31.so
7f963e894000-7f963e895000 r--p 00003000 fd:01 2105438                    /usr/lib/x86_64-linux-gnu/libdl-2.31.so
7f963e895000-7f963e896000 rw-p 00004000 fd:01 2105438                    /usr/lib/x86_64-linux-gnu/libdl-2.31.so
7f963e896000-7f963e898000 r--p 00000000 fd:01 2100098                    /usr/lib/x86_64-linux-gnu/libz.so.1.2.11
7f963e898000-7f963e8a9000 r-xp 00002000 fd:01 2100098                    /usr/lib/x86_64-linux-gnu/libz.so.1.2.11
7f963e8a9000-7f963e8af000 r--p 00013000 fd:01 2100098                    /usr/lib/x86_64-linux-gnu/libz.so.1.2.11
7f963e8af000-7f963e8b0000 ---p 00019000 fd:01 2100098                    /usr/lib/x86_64-linux-gnu/libz.so.1.2.11
7f963e8b0000-7f963e8b1000 r--p 00019000 fd:01 2100098                    /usr/lib/x86_64-linux-gnu/libz.so.1.2.11
7f963e8b1000-7f963e8b2000 rw-p 0001a000 fd:01 2100098                    /usr/lib/x86_64-linux-gnu/libz.so.1.2.11
7f963e8b2000-7f963e8d7000 r--p 00000000 fd:01 2105437                    /usr/lib/x86_64-linux-gnu/libc-2.31.so
7f963e8d7000-7f963ea4f000 r-xp 00025000 fd:01 2105437                    /usr/lib/x86_64-linux-gnu/libc-2.31.so
7f963ea4f000-7f963ea99000 r--p 0019d000 fd:01 2105437                    /usr/lib/x86_64-linux-gnu/libc-2.31.so
7f963ea99000-7f963ea9a000 ---p 001e7000 fd:01 2105437                    /usr/lib/x86_64-linux-gnu/libc-2.31.so
7f963ea9a000-7f963ea9d000 r--p 001e7000 fd:01 2105437                    /usr/lib/x86_64-linux-gnu/libc-2.31.so
7f963ea9d000-7f963eaa0000 rw-p 001ea000 fd:01 2105437                    /usr/lib/x86_64-linux-gnu/libc-2.31.so
7f963eaa0000-7f963eaa4000 rw-p 00000000 00:00 0 
7f963eaa4000-7f963eaa6000 r--s 0000c000 fd:01 3408681                    /usr/share/java/java-atk-wrapper.jar
7f963eaa6000-7f963eaa7000 r--s 0000d000 fd:01 1728316                    /usr/lib/jvm/java-8-openjdk-amd64/jre/lib/ext/sunec.jar
7f963eaa7000-7f963eaa8000 r--s 0000a000 fd:01 1728310                    /usr/lib/jvm/java-8-openjdk-amd64/jre/lib/ext/jaccess.jar
7f963eaa8000-7f963eaa9000 rw-p 00000000 00:00 0 
7f963eaa9000-7f963eaae000 r--p 00000000 fd:01 1728274                    /usr/lib/jvm/java-8-openjdk-amd64/jre/lib/amd64/libverify.so
7f963eaae000-7f963eab7000 r-xp 00005000 fd:01 1728274                    /usr/lib/jvm/java-8-openjdk-amd64/jre/lib/amd64/libverify.so
7f963eab7000-7f963eab9000 r--p 0000e000 fd:01 1728274                    /usr/lib/jvm/java-8-openjdk-amd64/jre/lib/amd64/libverify.so
7f963eab9000-7f963eabb000 r--p 0000f000 fd:01 1728274                    /usr/lib/jvm/java-8-openjdk-amd64/jre/lib/amd64/libverify.so
7f963eabb000-7f963eabc000 rw-p 00011000 fd:01 1728274                    /usr/lib/jvm/java-8-openjdk-amd64/jre/lib/amd64/libverify.so
7f963eabc000-7f963eabf000 r--p 00000000 fd:01 1724894                    /usr/lib/jvm/java-8-openjdk-amd64/jre/lib/amd64/jli/libjli.so
7f963eabf000-7f963eac9000 r-xp 00003000 fd:01 1724894                    /usr/lib/jvm/java-8-openjdk-amd64/jre/lib/amd64/jli/libjli.so
7f963eac9000-7f963eacc000 r--p 0000d000 fd:01 1724894                    /usr/lib/jvm/java-8-openjdk-amd64/jre/lib/amd64/jli/libjli.so
7f963eacc000-7f963eacd000 r--p 0000f000 fd:01 1724894                    /usr/lib/jvm/java-8-openjdk-amd64/jre/lib/amd64/jli/libjli.so
7f963eacd000-7f963eace000 rw-p 00010000 fd:01 1724894                    /usr/lib/jvm/java-8-openjdk-amd64/jre/lib/amd64/jli/libjli.so
7f963eace000-7f963ead0000 rw-p 00000000 00:00 0 
7f963ead0000-7f963ead1000 r--p 00000000 fd:01 2105433                    /usr/lib/x86_64-linux-gnu/ld-2.31.so
7f963ead1000-7f963eaf4000 r-xp 00001000 fd:01 2105433                    /usr/lib/x86_64-linux-gnu/ld-2.31.so
7f963eaf4000-7f963eafc000 r--p 00024000 fd:01 2105433                    /usr/lib/x86_64-linux-gnu/ld-2.31.so
7f963eafc000-7f963eafd000 r--p 00000000 00:00 0 
7f963eafd000-7f963eafe000 r--p 0002c000 fd:01 2105433                    /usr/lib/x86_64-linux-gnu/ld-2.31.so
7f963eafe000-7f963eaff000 rw-p 0002d000 fd:01 2105433                    /usr/lib/x86_64-linux-gnu/ld-2.31.so
7f963eaff000-7f963eb00000 rw-p 00000000 00:00 0 
7ffedd6ed000-7ffedd70f000 rw-p 00000000 00:00 0                          [stack]
7ffedd7c6000-7ffedd7c9000 r--p 00000000 00:00 0                          [vvar]
7ffedd7c9000-7ffedd7ca000 r-xp 00000000 00:00 0                          [vdso]
ffffffffff600000-ffffffffff601000 --xp 00000000 00:00 0                  [vsyscall]

VM Arguments:
jvm_args: -Dfile.encoding=UTF-8 -Xms1024m -Xmx1024m -Xss4M -XX:ReservedCodeCacheSize=128m 
java_command: /usr/share/sbt/bin/sbt-launch.jar test
java_class_path (initial): /usr/share/sbt/bin/sbt-launch.jar
Launcher Type: SUN_STANDARD

Environment Variables:
JAVA_HOME=/usr/lib/jvm/java-8-openjdk-amd64
PATH=/usr/lib/jvm/java-8-openjdk-amd64/bin:/home/daniel/.cargo/bin:/home/daniel/.local/bin:/home/daniel/.cargo/bin:/home/daniel/.local/bin:/usr/local/sbin:/usr/local/bin:/usr/sbin:/usr/bin:/sbin:/bin:/usr/games:/usr/local/games:/snap/bin:/home/daniel/Documents/code/flutter/bin:/home/daniel/Documents/HDDStorage/Android/Sdk:/usr/lib/dart/bin:/home/daniel/Documents/code/flutter/bin:/home/daniel/Documents/HDDStorage/Android/Sdk:/usr/lib/dart/bin
USERNAME=daniel
SHELL=/bin/bash
DISPLAY=:0

Signal Handlers:
SIGSEGV: [libjvm.so+0xa90220], sa_mask[0]=11111111011111111101111111111110, sa_flags=SA_RESTART|SA_SIGINFO
SIGBUS: [libjvm.so+0xa90220], sa_mask[0]=11111111011111111101111111111110, sa_flags=SA_RESTART|SA_SIGINFO
SIGFPE: [libjvm.so+0x8e9110], sa_mask[0]=11111111011111111101111111111110, sa_flags=SA_RESTART|SA_SIGINFO
SIGPIPE: [libjvm.so+0x8e9110], sa_mask[0]=11111111011111111101111111111110, sa_flags=SA_RESTART|SA_SIGINFO
SIGXFSZ: [libjvm.so+0x8e9110], sa_mask[0]=11111111011111111101111111111110, sa_flags=SA_RESTART|SA_SIGINFO
SIGILL: [libjvm.so+0x8e9110], sa_mask[0]=11111111011111111101111111111110, sa_flags=SA_RESTART|SA_SIGINFO
SIGUSR1: SIG_DFL, sa_mask[0]=00000000000000000000000000000000, sa_flags=none
SIGUSR2: [libjvm.so+0x8e8fc0], sa_mask[0]=00000000000000000000000000000000, sa_flags=SA_RESTART|SA_SIGINFO
SIGHUP: [libjvm.so+0x8e9390], sa_mask[0]=11111111011111111101111111111110, sa_flags=SA_RESTART|SA_SIGINFO
SIGINT: [libjvm.so+0x8e9390], sa_mask[0]=11111111011111111101111111111110, sa_flags=SA_RESTART|SA_SIGINFO
SIGTERM: [libjvm.so+0x8e9390], sa_mask[0]=11111111011111111101111111111110, sa_flags=SA_RESTART|SA_SIGINFO
SIGQUIT: [libjvm.so+0x8e9390], sa_mask[0]=11111111011111111101111111111110, sa_flags=SA_RESTART|SA_SIGINFO


---------------  S Y S T E M  ---------------

OS:DISTRIB_ID=Pop
DISTRIB_RELEASE=20.04
DISTRIB_CODENAME=focal
DISTRIB_DESCRIPTION="Pop!_OS 20.04 LTS"

uname:Linux 5.4.0-7634-generic #38~1595345317~20.04~a8480ad-Ubuntu SMP Wed Jul 22 15:13:45 UTC  x86_64
libc:glibc 2.31 NPTL 2.31 
rlimit: STACK 8192k, CORE 0k, NPROC 55402, NOFILE 1048576, AS infinity
load average:3.91 3.22 2.60

/proc/meminfo:
MemTotal:       14340668 kB
MemFree:          615988 kB
MemAvailable:    5400112 kB
Buffers:          431544 kB
Cached:          4559776 kB
SwapCached:            0 kB
Active:         10366504 kB
Inactive:        2443092 kB
Active(anon):    7721660 kB
Inactive(anon):   322924 kB
Active(file):    2644844 kB
Inactive(file):  2120168 kB
Unevictable:          64 kB
Mlocked:              64 kB
SwapTotal:       4193784 kB
SwapFree:        4193784 kB
Dirty:               292 kB
Writeback:             0 kB
AnonPages:       7818616 kB
Mapped:          1055212 kB
Shmem:            417316 kB
KReclaimable:     355184 kB
Slab:             551400 kB
SReclaimable:     355184 kB
SUnreclaim:       196216 kB
KernelStack:       28464 kB
PageTables:        55332 kB
NFS_Unstable:          0 kB
Bounce:                0 kB
WritebackTmp:          0 kB
CommitLimit:    11364116 kB
Committed_AS:   16360912 kB
VmallocTotal:   34359738367 kB
VmallocUsed:       53656 kB
VmallocChunk:          0 kB
Percpu:            29312 kB
HardwareCorrupted:     0 kB
AnonHugePages:         0 kB
ShmemHugePages:        0 kB
ShmemPmdMapped:        0 kB
FileHugePages:         0 kB
FilePmdMapped:         0 kB
CmaTotal:              0 kB
CmaFree:               0 kB
HugePages_Total:       0
HugePages_Free:        0
HugePages_Rsvd:        0
HugePages_Surp:        0
Hugepagesize:       2048 kB
Hugetlb:               0 kB
DirectMap4k:      762680 kB
DirectMap2M:     8622080 kB
DirectMap1G:     6291456 kB

container (cgroup) information:
container_type: cgroupv1
cpu_cpuset_cpus: 0-7
cpu_memory_nodes: 0
active_processor_count: 8
cpu_quota: -1
cpu_period: 100000
cpu_shares: -1
memory_limit_in_bytes: -1
memory_and_swap_limit_in_bytes: -2
memory_soft_limit_in_bytes: -1
memory_usage_in_bytes: 12386177024
memory_max_usage_in_bytes: 12728434688


CPU:total 8 (initial active 8) (8 cores per cpu, 1 threads per core) family 23 model 17 stepping 0, cmov, cx8, fxsr, mmx, sse, sse2, sse3, ssse3, sse4.1, sse4.2, popcnt, avx, avx2, aes, clmul, mmxext, 3dnowpref, lzcnt, sse4a, tsc, tscinvbit, tscinv, bmi1

/proc/cpuinfo:
processor	: 0
vendor_id	: AuthenticAMD
cpu family	: 23
model		: 17
model name	: AMD Ryzen 5 2400G with Radeon Vega Graphics
stepping	: 0
microcode	: 0x8101016
cpu MHz		: 3080.012
cache size	: 512 KB
physical id	: 0
siblings	: 8
core id		: 0
cpu cores	: 4
apicid		: 0
initial apicid	: 0
fpu		: yes
fpu_exception	: yes
cpuid level	: 13
wp		: yes
flags		: fpu vme de pse tsc msr pae mce cx8 apic sep mtrr pge mca cmov pat pse36 clflush mmx fxsr sse sse2 ht syscall nx mmxext fxsr_opt pdpe1gb rdtscp lm constant_tsc rep_good nopl nonstop_tsc cpuid extd_apicid aperfmperf pni pclmulqdq monitor ssse3 fma cx16 sse4_1 sse4_2 movbe popcnt aes xsave avx f16c rdrand lahf_lm cmp_legacy svm extapic cr8_legacy abm sse4a misalignsse 3dnowprefetch osvw skinit wdt tce topoext perfctr_core perfctr_nb bpext perfctr_llc mwaitx cpb hw_pstate sme ssbd sev ibpb vmmcall fsgsbase bmi1 avx2 smep bmi2 rdseed adx smap clflushopt sha_ni xsaveopt xsavec xgetbv1 xsaves clzero irperf xsaveerptr arat npt lbrv svm_lock nrip_save tsc_scale vmcb_clean flushbyasid decodeassists pausefilter pfthreshold avic v_vmsave_vmload vgif overflow_recov succor smca
bugs		: sysret_ss_attrs null_seg spectre_v1 spectre_v2 spec_store_bypass
bogomips	: 7200.03
TLB size	: 2560 4K pages
clflush size	: 64
cache_alignment	: 64
address sizes	: 43 bits physical, 48 bits virtual
power management: ts ttp tm hwpstate eff_freq_ro [13] [14]

processor	: 1
vendor_id	: AuthenticAMD
cpu family	: 23
model		: 17
model name	: AMD Ryzen 5 2400G with Radeon Vega Graphics
stepping	: 0
microcode	: 0x8101016
cpu MHz		: 3080.011
cache size	: 512 KB
physical id	: 0
siblings	: 8
core id		: 1
cpu cores	: 4
apicid		: 2
initial apicid	: 2
fpu		: yes
fpu_exception	: yes
cpuid level	: 13
wp		: yes
flags		: fpu vme de pse tsc msr pae mce cx8 apic sep mtrr pge mca cmov pat pse36 clflush mmx fxsr sse sse2 ht syscall nx mmxext fxsr_opt pdpe1gb rdtscp lm constant_tsc rep_good nopl nonstop_tsc cpuid extd_apicid aperfmperf pni pclmulqdq monitor ssse3 fma cx16 sse4_1 sse4_2 movbe popcnt aes xsave avx f16c rdrand lahf_lm cmp_legacy svm extapic cr8_legacy abm sse4a misalignsse 3dnowprefetch osvw skinit wdt tce topoext perfctr_core perfctr_nb bpext perfctr_llc mwaitx cpb hw_pstate sme ssbd sev ibpb vmmcall fsgsbase bmi1 avx2 smep bmi2 rdseed adx smap clflushopt sha_ni xsaveopt xsavec xgetbv1 xsaves clzero irperf xsaveerptr arat npt lbrv svm_lock nrip_save tsc_scale vmcb_clean flushbyasid decodeassists pausefilter pfthreshold avic v_vmsave_vmload vgif overflow_recov succor smca
bugs		: sysret_ss_attrs null_seg spectre_v1 spectre_v2 spec_store_bypass
bogomips	: 7200.03
TLB size	: 2560 4K pages
clflush size	: 64
cache_alignment	: 64
address sizes	: 43 bits physical, 48 bits virtual
power management: ts ttp tm hwpstate eff_freq_ro [13] [14]

processor	: 2
vendor_id	: AuthenticAMD
cpu family	: 23
model		: 17
model name	: AMD Ryzen 5 2400G with Radeon Vega Graphics
stepping	: 0
microcode	: 0x8101016
cpu MHz		: 3839.001
cache size	: 512 KB
physical id	: 0
siblings	: 8
core id		: 2
cpu cores	: 4
apicid		: 4
initial apicid	: 4
fpu		: yes
fpu_exception	: yes
cpuid level	: 13
wp		: yes
flags		: fpu vme de pse tsc msr pae mce cx8 apic sep mtrr pge mca cmov pat pse36 clflush mmx fxsr sse sse2 ht syscall nx mmxext fxsr_opt pdpe1gb rdtscp lm constant_tsc rep_good nopl nonstop_tsc cpuid extd_apicid aperfmperf pni pclmulqdq monitor ssse3 fma cx16 sse4_1 sse4_2 movbe popcnt aes xsave avx f16c rdrand lahf_lm cmp_legacy svm extapic cr8_legacy abm sse4a misalignsse 3dnowprefetch osvw skinit wdt tce topoext perfctr_core perfctr_nb bpext perfctr_llc mwaitx cpb hw_pstate sme ssbd sev ibpb vmmcall fsgsbase bmi1 avx2 smep bmi2 rdseed adx smap clflushopt sha_ni xsaveopt xsavec xgetbv1 xsaves clzero irperf xsaveerptr arat npt lbrv svm_lock nrip_save tsc_scale vmcb_clean flushbyasid decodeassists pausefilter pfthreshold avic v_vmsave_vmload vgif overflow_recov succor smca
bugs		: sysret_ss_attrs null_seg spectre_v1 spectre_v2 spec_store_bypass
bogomips	: 7200.03
TLB size	: 2560 4K pages
clflush size	: 64
cache_alignment	: 64
address sizes	: 43 bits physical, 48 bits virtual
power management: ts ttp tm hwpstate eff_freq_ro [13] [14]

processor	: 3
vendor_id	: AuthenticAMD
cpu family	: 23
model		: 17
model name	: AMD Ryzen 5 2400G with Radeon Vega Graphics
stepping	: 0
microcode	: 0x8101016
cpu MHz		: 3078.759
cache size	: 512 KB
physical id	: 0
siblings	: 8
core id		: 3
cpu cores	: 4
apicid		: 6
initial apicid	: 6
fpu		: yes
fpu_exception	: yes
cpuid level	: 13
wp		: yes
flags		: fpu vme de pse tsc msr pae mce cx8 apic sep mtrr pge mca cmov pat pse36 clflush mmx fxsr sse sse2 ht syscall nx mmxext fxsr_opt pdpe1gb rdtscp lm constant_tsc rep_good nopl nonstop_tsc cpuid extd_apicid aperfmperf pni pclmulqdq monitor ssse3 fma cx16 sse4_1 sse4_2 movbe popcnt aes xsave avx f16c rdrand lahf_lm cmp_legacy svm extapic cr8_legacy abm sse4a misalignsse 3dnowprefetch osvw skinit wdt tce topoext perfctr_core perfctr_nb bpext perfctr_llc mwaitx cpb hw_pstate sme ssbd sev ibpb vmmcall fsgsbase bmi1 avx2 smep bmi2 rdseed adx smap clflushopt sha_ni xsaveopt xsavec xgetbv1 xsaves clzero irperf xsaveerptr arat npt lbrv svm_lock nrip_save tsc_scale vmcb_clean flushbyasid decodeassists pausefilter pfthreshold avic v_vmsave_vmload vgif overflow_recov succor smca
bugs		: sysret_ss_attrs null_seg spectre_v1 spectre_v2 spec_store_bypass
bogomips	: 7200.03
TLB size	: 2560 4K pages
clflush size	: 64
cache_alignment	: 64
address sizes	: 43 bits physical, 48 bits virtual
power management: ts ttp tm hwpstate eff_freq_ro [13] [14]

processor	: 4
vendor_id	: AuthenticAMD
cpu family	: 23
model		: 17
model name	: AMD Ryzen 5 2400G with Radeon Vega Graphics
stepping	: 0
microcode	: 0x8101016
cpu MHz		: 3079.865
cache size	: 512 KB
physical id	: 0
siblings	: 8
core id		: 0
cpu cores	: 4
apicid		: 1
initial apicid	: 1
fpu		: yes
fpu_exception	: yes
cpuid level	: 13
wp		: yes
flags		: fpu vme de pse tsc msr pae mce cx8 apic sep mtrr pge mca cmov pat pse36 clflush mmx fxsr sse sse2 ht syscall nx mmxext fxsr_opt pdpe1gb rdtscp lm constant_tsc rep_good nopl nonstop_tsc cpuid extd_apicid aperfmperf pni pclmulqdq monitor ssse3 fma cx16 sse4_1 sse4_2 movbe popcnt aes xsave avx f16c rdrand lahf_lm cmp_legacy svm extapic cr8_legacy abm sse4a misalignsse 3dnowprefetch osvw skinit wdt tce topoext perfctr_core perfctr_nb bpext perfctr_llc mwaitx cpb hw_pstate sme ssbd sev ibpb vmmcall fsgsbase bmi1 avx2 smep bmi2 rdseed adx smap clflushopt sha_ni xsaveopt xsavec xgetbv1 xsaves clzero irperf xsaveerptr arat npt lbrv svm_lock nrip_save tsc_scale vmcb_clean flushbyasid decodeassists pausefilter pfthreshold avic v_vmsave_vmload vgif overflow_recov succor smca
bugs		: sysret_ss_attrs null_seg spectre_v1 spectre_v2 spec_store_bypass
bogomips	: 7200.03
TLB size	: 2560 4K pages
clflush size	: 64
cache_alignment	: 64
address sizes	: 43 bits physical, 48 bits virtual
power management: ts ttp tm hwpstate eff_freq_ro [13] [14]

processor	: 5
vendor_id	: AuthenticAMD
cpu family	: 23
model		: 17
model name	: AMD Ryzen 5 2400G with Radeon Vega Graphics
stepping	: 0
microcode	: 0x8101016
cpu MHz		: 3080.011
cache size	: 512 KB
physical id	: 0
siblings	: 8
core id		: 1
cpu cores	: 4
apicid		: 3
initial apicid	: 3
fpu		: yes
fpu_exception	: yes
cpuid level	: 13
wp		: yes
flags		: fpu vme de pse tsc msr pae mce cx8 apic sep mtrr pge mca cmov pat pse36 clflush mmx fxsr sse sse2 ht syscall nx mmxext fxsr_opt pdpe1gb rdtscp lm constant_tsc rep_good nopl nonstop_tsc cpuid extd_apicid aperfmperf pni pclmulqdq monitor ssse3 fma cx16 sse4_1 sse4_2 movbe popcnt aes xsave avx f16c rdrand lahf_lm cmp_legacy svm extapic cr8_legacy abm sse4a misalignsse 3dnowprefetch osvw skinit wdt tce topoext perfctr_core perfctr_nb bpext perfctr_llc mwaitx cpb hw_pstate sme ssbd sev ibpb vmmcall fsgsbase bmi1 avx2 smep bmi2 rdseed adx smap clflushopt sha_ni xsaveopt xsavec xgetbv1 xsaves clzero irperf xsaveerptr arat npt lbrv svm_lock nrip_save tsc_scale vmcb_clean flushbyasid decodeassists pausefilter pfthreshold avic v_vmsave_vmload vgif overflow_recov succor smca
bugs		: sysret_ss_attrs null_seg spectre_v1 spectre_v2 spec_store_bypass
bogomips	: 7200.03
TLB size	: 2560 4K pages
clflush size	: 64
cache_alignment	: 64
address sizes	: 43 bits physical, 48 bits virtual
power management: ts ttp tm hwpstate eff_freq_ro [13] [14]

processor	: 6
vendor_id	: AuthenticAMD
cpu family	: 23
model		: 17
model name	: AMD Ryzen 5 2400G with Radeon Vega Graphics
stepping	: 0
microcode	: 0x8101016
cpu MHz		: 3838.932
cache size	: 512 KB
physical id	: 0
siblings	: 8
core id		: 2
cpu cores	: 4
apicid		: 5
initial apicid	: 5
fpu		: yes
fpu_exception	: yes
cpuid level	: 13
wp		: yes
flags		: fpu vme de pse tsc msr pae mce cx8 apic sep mtrr pge mca cmov pat pse36 clflush mmx fxsr sse sse2 ht syscall nx mmxext fxsr_opt pdpe1gb rdtscp lm constant_tsc rep_good nopl nonstop_tsc cpuid extd_apicid aperfmperf pni pclmulqdq monitor ssse3 fma cx16 sse4_1 sse4_2 movbe popcnt aes xsave avx f16c rdrand lahf_lm cmp_legacy svm extapic cr8_legacy abm sse4a misalignsse 3dnowprefetch osvw skinit wdt tce topoext perfctr_core perfctr_nb bpext perfctr_llc mwaitx cpb hw_pstate sme ssbd sev ibpb vmmcall fsgsbase bmi1 avx2 smep bmi2 rdseed adx smap clflushopt sha_ni xsaveopt xsavec xgetbv1 xsaves clzero irperf xsaveerptr arat npt lbrv svm_lock nrip_save tsc_scale vmcb_clean flushbyasid decodeassists pausefilter pfthreshold avic v_vmsave_vmload vgif overflow_recov succor smca
bugs		: sysret_ss_attrs null_seg spectre_v1 spectre_v2 spec_store_bypass
bogomips	: 7200.03
TLB size	: 2560 4K pages
clflush size	: 64
cache_alignment	: 64
address sizes	: 43 bits physical, 48 bits virtual
power management: ts ttp tm hwpstate eff_freq_ro [13] [14]

processor	: 7
vendor_id	: AuthenticAMD
cpu family	: 23
model		: 17
model name	: AMD Ryzen 5 2400G with Radeon Vega Graphics
stepping	: 0
microcode	: 0x8101016
cpu MHz		: 3080.012
cache size	: 512 KB
physical id	: 0
siblings	: 8
core id		: 3
cpu cores	: 4
apicid		: 7
initial apicid	: 7
fpu		: yes
fpu_exception	: yes
cpuid level	: 13
wp		: yes
flags		: fpu vme de pse tsc msr pae mce cx8 apic sep mtrr pge mca cmov pat pse36 clflush mmx fxsr sse sse2 ht syscall nx mmxext fxsr_opt pdpe1gb rdtscp lm constant_tsc rep_good nopl nonstop_tsc cpuid extd_apicid aperfmperf pni pclmulqdq monitor ssse3 fma cx16 sse4_1 sse4_2 movbe popcnt aes xsave avx f16c rdrand lahf_lm cmp_legacy svm extapic cr8_legacy abm sse4a misalignsse 3dnowprefetch osvw skinit wdt tce topoext perfctr_core perfctr_nb bpext perfctr_llc mwaitx cpb hw_pstate sme ssbd sev ibpb vmmcall fsgsbase bmi1 avx2 smep bmi2 rdseed adx smap clflushopt sha_ni xsaveopt xsavec xgetbv1 xsaves clzero irperf xsaveerptr arat npt lbrv svm_lock nrip_save tsc_scale vmcb_clean flushbyasid decodeassists pausefilter pfthreshold avic v_vmsave_vmload vgif overflow_recov succor smca
bugs		: sysret_ss_attrs null_seg spectre_v1 spectre_v2 spec_store_bypass
bogomips	: 7200.03
TLB size	: 2560 4K pages
clflush size	: 64
cache_alignment	: 64
address sizes	: 43 bits physical, 48 bits virtual
power management: ts ttp tm hwpstate eff_freq_ro [13] [14]



Memory: 4k page, physical 14340668k(619168k free), swap 4193784k(4193784k free)

vm_info: OpenJDK 64-Bit Server VM (25.252-b09) for linux-amd64 JRE (1.8.0_252-8u252-b09-1ubuntu1-b09), built on Apr 16 2020 08:47:49 by "buildd" with gcc 9.3.0

time: Sun Aug  2 16:45:07 2020
timezone: CDT
elapsed time: 8 seconds (0d 0h 0m 8s)

